<?xml version="1.0" encoding="UTF-8"?>
<!-- Generated by org.testng.reporters.JUnitXMLReporter -->
<testsuite ignored="0" hostname="Emo-Girl" failures="0" tests="20" name="Functional Tests" time="56.184" errors="0" timestamp="2025-05-27T18:09:24 CDT">
  <testcase classname="tests.ProductTest" name="addMultipleProductsToCartTest" time="0.665"/>
  <testcase classname="tests.ProductTest" name="removeProductFromCartTest" time="0.798"/>
  <testcase classname="tests.ProductTest" name="sortProductsByNameAZ" time="1.127"/>
  <testcase classname="tests.ProductTest" name="sortProductsByNameZA" time="0.734"/>
  <testcase classname="tests.ProductTest" name="sortProductsByPriceHighToLow" time="0.551"/>
  <testcase classname="tests.ProductTest" name="sortProductsByPriceLowToHigh" time="0.622"/>
  <testcase classname="tests.ProductTest" name="verifyCartIconUpdates" time="0.476"/>
  <testcase classname="tests.ProductTest" name="verifyProductDetailsPage" time="0.56"/>
  <testcase classname="tests.ProductTest" name="verifyProductNameAndPrice" time="0.628"/>
  <testcase classname="tests.CartTest" name="proceedToCheckoutTest" time="1.257"/>
  <testcase classname="tests.CartTest" name="removeItemFromCartTest" time="0.791"/>
  <testcase classname="tests.CartTest" name="verifyCartContentsTest" time="0.773"/>
  <testcase classname="tests.CheckoutTest" name="checkoutWithMissingInfoTest" time="1.249"/>
  <testcase classname="tests.CheckoutTest" name="checkoutWithValidInfoTest" time="1.628"/>
  <testcase classname="tests.CheckoutTest" name="checkoutWithoutFirstNameTest" time="0.867"/>
  <testcase classname="tests.CheckoutTest" name="checkoutWithoutLastNameTest" time="1.003"/>
  <testcase classname="tests.CheckoutTest" name="checkoutWithoutPostalCodeTest" time="1.133"/>
  <testcase classname="tests.CheckoutTest" name="verifyCheckoutPageTitleTest" time="0.803"/>
  <testcase classname="tests.CheckoutTest" name="verifyFinishPageURLTest" time="1.252"/>
  <testcase classname="tests.CheckoutTest" name="verifyOrderSummaryTest" time="1.328"/>
</testsuite> <!-- Functional Tests -->
