<?xml version="1.0" encoding="UTF-8"?>
<!-- Generated by org.testng.reporters.JUnitXMLReporter -->
<testsuite ignored="0" hostname="Emo-Girl" failures="0" tests="20" name="Functional Tests" time="52.546" errors="0" timestamp="2025-05-27T13:16:44 CDT">
  <testcase classname="tests.ProductTest" name="addMultipleProductsToCartTest" time="0.225"/>
  <testcase classname="tests.ProductTest" name="removeProductFromCartTest" time="0.214"/>
  <testcase classname="tests.ProductTest" name="sortProductsByNameAZ" time="0.259"/>
  <testcase classname="tests.ProductTest" name="sortProductsByNameZA" time="0.236"/>
  <testcase classname="tests.ProductTest" name="sortProductsByPriceHighToLow" time="0.245"/>
  <testcase classname="tests.ProductTest" name="sortProductsByPriceLowToHigh" time="0.233"/>
  <testcase classname="tests.ProductTest" name="verifyCartIconUpdates" time="0.141"/>
  <testcase classname="tests.ProductTest" name="verifyProductDetailsPage" time="0.194"/>
  <testcase classname="tests.ProductTest" name="verifyProductNameAndPrice" time="0.079"/>
  <testcase classname="tests.CartTest" name="proceedToCheckoutTest" time="0.88"/>
  <testcase classname="tests.CartTest" name="removeItemFromCartTest" time="0.986"/>
  <testcase classname="tests.CartTest" name="verifyCartContentsTest" time="0.686"/>
  <testcase classname="tests.CheckoutTest" name="checkoutWithMissingInfoTest" time="1.435"/>
  <testcase classname="tests.CheckoutTest" name="checkoutWithValidInfoTest" time="1.46"/>
  <testcase classname="tests.CheckoutTest" name="checkoutWithoutFirstNameTest" time="1.281"/>
  <testcase classname="tests.CheckoutTest" name="checkoutWithoutLastNameTest" time="1.288"/>
  <testcase classname="tests.CheckoutTest" name="checkoutWithoutPostalCodeTest" time="1.34"/>
  <testcase classname="tests.CheckoutTest" name="verifyCheckoutPageTitleTest" time="0.85"/>
  <testcase classname="tests.CheckoutTest" name="verifyFinishPageURLTest" time="1.612"/>
  <testcase classname="tests.CheckoutTest" name="verifyOrderSummaryTest" time="1.505"/>
</testsuite> <!-- Functional Tests -->
