<?xml version="1.0" encoding="UTF-8"?>
<!-- Generated by org.testng.reporters.JUnitXMLReporter -->
<testsuite ignored="0" hostname="Emo-Girl" failures="0" tests="20" name="Functional" time="50.531" errors="0" timestamp="2025-05-27T14:24:27 CDT">
  <testcase classname="tests.ProductTest" name="addMultipleProductsToCartTest" time="0.24"/>
  <testcase classname="tests.ProductTest" name="removeProductFromCartTest" time="0.192"/>
  <testcase classname="tests.ProductTest" name="sortProductsByNameAZ" time="0.223"/>
  <testcase classname="tests.ProductTest" name="sortProductsByNameZA" time="0.276"/>
  <testcase classname="tests.ProductTest" name="sortProductsByPriceHighToLow" time="0.215"/>
  <testcase classname="tests.ProductTest" name="sortProductsByPriceLowToHigh" time="0.264"/>
  <testcase classname="tests.ProductTest" name="verifyCartIconUpdates" time="0.183"/>
  <testcase classname="tests.ProductTest" name="verifyProductDetailsPage" time="0.19"/>
  <testcase classname="tests.ProductTest" name="verifyProductNameAndPrice" time="0.099"/>
  <testcase classname="tests.CartTest" name="proceedToCheckoutTest" time="0.948"/>
  <testcase classname="tests.CartTest" name="removeItemFromCartTest" time="0.74"/>
  <testcase classname="tests.CartTest" name="verifyCartContentsTest" time="0.698"/>
  <testcase classname="tests.CheckoutTest" name="checkoutWithMissingInfoTest" time="0.96"/>
  <testcase classname="tests.CheckoutTest" name="checkoutWithValidInfoTest" time="1.542"/>
  <testcase classname="tests.CheckoutTest" name="checkoutWithoutFirstNameTest" time="1.418"/>
  <testcase classname="tests.CheckoutTest" name="checkoutWithoutLastNameTest" time="1.392"/>
  <testcase classname="tests.CheckoutTest" name="checkoutWithoutPostalCodeTest" time="1.479"/>
  <testcase classname="tests.CheckoutTest" name="verifyCheckoutPageTitleTest" time="0.794"/>
  <testcase classname="tests.CheckoutTest" name="verifyFinishPageURLTest" time="1.137"/>
  <testcase classname="tests.CheckoutTest" name="verifyOrderSummaryTest" time="1.007"/>
</testsuite> <!-- Functional -->
