<?xml version="1.0" encoding="UTF-8"?>
<!-- Generated by org.testng.reporters.JUnitXMLReporter -->
<testsuite ignored="0" hostname="Emo-Girl" failures="0" tests="20" name="Functional" time="55.967" errors="0" timestamp="2025-05-27T16:20:00 CDT">
  <testcase classname="tests.ProductTest" name="addMultipleProductsToCartTest" time="0.188"/>
  <testcase classname="tests.ProductTest" name="removeProductFromCartTest" time="0.232"/>
  <testcase classname="tests.ProductTest" name="sortProductsByNameAZ" time="0.244"/>
  <testcase classname="tests.ProductTest" name="sortProductsByNameZA" time="0.309"/>
  <testcase classname="tests.ProductTest" name="sortProductsByPriceHighToLow" time="0.267"/>
  <testcase classname="tests.ProductTest" name="sortProductsByPriceLowToHigh" time="0.264"/>
  <testcase classname="tests.ProductTest" name="verifyCartIconUpdates" time="0.176"/>
  <testcase classname="tests.ProductTest" name="verifyProductDetailsPage" time="0.172"/>
  <testcase classname="tests.ProductTest" name="verifyProductNameAndPrice" time="0.057"/>
  <testcase classname="tests.CartTest" name="proceedToCheckoutTest" time="0.689"/>
  <testcase classname="tests.CartTest" name="removeItemFromCartTest" time="0.72"/>
  <testcase classname="tests.CartTest" name="verifyCartContentsTest" time="0.532"/>
  <testcase classname="tests.CheckoutTest" name="checkoutWithMissingInfoTest" time="1.705"/>
  <testcase classname="tests.CheckoutTest" name="checkoutWithValidInfoTest" time="1.366"/>
  <testcase classname="tests.CheckoutTest" name="checkoutWithoutFirstNameTest" time="1.06"/>
  <testcase classname="tests.CheckoutTest" name="checkoutWithoutLastNameTest" time="1.122"/>
  <testcase classname="tests.CheckoutTest" name="checkoutWithoutPostalCodeTest" time="1.042"/>
  <testcase classname="tests.CheckoutTest" name="verifyCheckoutPageTitleTest" time="0.812"/>
  <testcase classname="tests.CheckoutTest" name="verifyFinishPageURLTest" time="1.219"/>
  <testcase classname="tests.CheckoutTest" name="verifyOrderSummaryTest" time="1.139"/>
</testsuite> <!-- Functional -->
