<?xml version="1.0" encoding="UTF-8"?>
<!-- Generated by org.testng.reporters.JUnitXMLReporter -->
<testsuite ignored="0" hostname="Emo-Girl" failures="0" tests="8" name="Login" time="18.378" errors="0" timestamp="2025-05-27T13:19:44 CDT">
  <testcase classname="tests.LoginTest" name="loginWithCaseSensitiveUsername" time="0.484"/>
  <testcase classname="tests.LoginTest" name="loginWithEmptyFields" time="0.46"/>
  <testcase classname="tests.LoginTest" name="loginWithEmptyPassword" time="0.527"/>
  <testcase classname="tests.LoginTest" name="loginWithEmptyUsername" time="0.533"/>
  <testcase classname="tests.LoginTest" name="loginWithInvalidPassword" time="0.601"/>
  <testcase classname="tests.LoginTest" name="loginWithInvalidUsername" time="0.565"/>
  <testcase classname="tests.LoginTest" name="loginWithLockedOutUser" time="0.545"/>
  <testcase classname="tests.LoginTest" name="loginWithValidCredentials" time="0.537"/>
</testsuite> <!-- Login -->
