<?xml version="1.0" encoding="UTF-8"?>
<!-- Generated by org.testng.reporters.JUnitXMLReporter -->
<testsuite ignored="0" hostname="Emo-Girl" failures="0" tests="8" name="Login" time="20.474" errors="0" timestamp="2025-05-27T14:23:37 CDT">
  <testcase classname="tests.LoginTest" name="loginWithCaseSensitiveUsername" time="0.476"/>
  <testcase classname="tests.LoginTest" name="loginWithEmptyFields" time="0.426"/>
  <testcase classname="tests.LoginTest" name="loginWithEmptyPassword" time="0.421"/>
  <testcase classname="tests.LoginTest" name="loginWithEmptyUsername" time="0.378"/>
  <testcase classname="tests.LoginTest" name="loginWithInvalidPassword" time="0.554"/>
  <testcase classname="tests.LoginTest" name="loginWithInvalidUsername" time="0.65"/>
  <testcase classname="tests.LoginTest" name="loginWithLockedOutUser" time="0.689"/>
  <testcase classname="tests.LoginTest" name="loginWithValidCredentials" time="0.695"/>
</testsuite> <!-- Login -->
