<?xml version="1.0" encoding="UTF-8"?>
<!-- Generated by org.testng.reporters.JUnitXMLReporter -->
<testsuite ignored="14" hostname="Emo-Girl" failures="0" tests="7" name="Smoke Tests" time="20.505" errors="0" timestamp="2025-05-28T11:40:15 CDT">
  <testcase classname="tests.LoginTest" name="loginWithValidCredentials" time="0.442"/>
  <testcase classname="tests.ProductTest" name="addMultipleProductsToCartTest" time="1.182"/>
  <testcase classname="tests.ProductTest" name="verifyProductDetailsPage" time="0.771"/>
  <testcase classname="tests.ProductTest" name="verifyProductNameAndPrice" time="1.083"/>
  <testcase classname="tests.CartTest" name="proceedToCheckoutTest" time="1.211"/>
  <testcase classname="tests.CheckoutTest" name="checkoutWithValidInfoTest" time="1.736"/>
  <testcase classname="tests.CheckoutTest" name="verifyOrderSummaryTest" time="2.075"/>
  <testcase classname="tests.CheckoutTest" name="checkoutWithoutLastNameTest" time="0.0">
    <ignored/>
  </testcase> <!-- checkoutWithoutLastNameTest -->
  <testcase classname="tests.CartTest" name="verifyCartContentsTest" time="0.0">
    <ignored/>
  </testcase> <!-- verifyCartContentsTest -->
  <testcase classname="tests.ProductTest" name="sortProductsByNameAZ" time="0.0">
    <ignored/>
  </testcase> <!-- sortProductsByNameAZ -->
  <testcase classname="tests.CheckoutTest" name="checkoutWithMissingInfoTest" time="0.0">
    <ignored/>
  </testcase> <!-- checkoutWithMissingInfoTest -->
  <testcase classname="tests.CheckoutTest" name="verifyCheckoutPageTitleTest" time="0.0">
    <ignored/>
  </testcase> <!-- verifyCheckoutPageTitleTest -->
  <testcase classname="tests.ProductTest" name="sortProductsByNameZA" time="0.0">
    <ignored/>
  </testcase> <!-- sortProductsByNameZA -->
  <testcase classname="tests.CartTest" name="removeItemFromCartTest" time="0.0">
    <ignored/>
  </testcase> <!-- removeItemFromCartTest -->
  <testcase classname="tests.ProductTest" name="removeProductFromCartTest" time="0.0">
    <ignored/>
  </testcase> <!-- removeProductFromCartTest -->
  <testcase classname="tests.CheckoutTest" name="checkoutWithoutFirstNameTest" time="0.0">
    <ignored/>
  </testcase> <!-- checkoutWithoutFirstNameTest -->
  <testcase classname="tests.ProductTest" name="verifyCartIconUpdates" time="0.0">
    <ignored/>
  </testcase> <!-- verifyCartIconUpdates -->
  <testcase classname="tests.ProductTest" name="sortProductsByPriceHighToLow" time="0.0">
    <ignored/>
  </testcase> <!-- sortProductsByPriceHighToLow -->
  <testcase classname="tests.CheckoutTest" name="checkoutWithoutPostalCodeTest" time="0.0">
    <ignored/>
  </testcase> <!-- checkoutWithoutPostalCodeTest -->
  <testcase classname="tests.ProductTest" name="sortProductsByPriceLowToHigh" time="0.0">
    <ignored/>
  </testcase> <!-- sortProductsByPriceLowToHigh -->
  <testcase classname="tests.CheckoutTest" name="verifyFinishPageURLTest" time="0.0">
    <ignored/>
  </testcase> <!-- verifyFinishPageURLTest -->
</testsuite> <!-- Smoke Tests -->
