<?xml version="1.0" encoding="UTF-8"?>
<!-- Generated by org.testng.reporters.JUnitXMLReporter -->
<testsuite ignored="10" hostname="Emo-Girl" failures="0" tests="11" name="Regression Tests" time="27.943" errors="0" timestamp="2025-05-27T18:13:49 CDT">
  <testcase classname="tests.LoginTest" name="loginWithValidCredentials" time="0.52"/>
  <testcase classname="tests.ProductTest" name="addMultipleProductsToCartTest" time="0.781"/>
  <testcase classname="tests.ProductTest" name="removeProductFromCartTest" time="0.773"/>
  <testcase classname="tests.ProductTest" name="sortProductsByNameAZ" time="0.724"/>
  <testcase classname="tests.ProductTest" name="sortProductsByNameZA" time="0.645"/>
  <testcase classname="tests.ProductTest" name="sortProductsByPriceHighToLow" time="0.636"/>
  <testcase classname="tests.ProductTest" name="sortProductsByPriceLowToHigh" time="0.78"/>
  <testcase classname="tests.ProductTest" name="verifyProductDetailsPage" time="0.631"/>
  <testcase classname="tests.CartTest" name="removeItemFromCartTest" time="0.934"/>
  <testcase classname="tests.CartTest" name="verifyCartContentsTest" time="0.857"/>
  <testcase classname="tests.CheckoutTest" name="checkoutWithMissingInfoTest" time="1.38"/>
  <testcase classname="tests.CheckoutTest" name="checkoutWithoutLastNameTest" time="0.0">
    <ignored/>
  </testcase> <!-- checkoutWithoutLastNameTest -->
  <testcase classname="tests.CheckoutTest" name="checkoutWithoutFirstNameTest" time="0.0">
    <ignored/>
  </testcase> <!-- checkoutWithoutFirstNameTest -->
  <testcase classname="tests.CartTest" name="proceedToCheckoutTest" time="0.0">
    <ignored/>
  </testcase> <!-- proceedToCheckoutTest -->
  <testcase classname="tests.ProductTest" name="verifyCartIconUpdates" time="0.0">
    <ignored/>
  </testcase> <!-- verifyCartIconUpdates -->
  <testcase classname="tests.CheckoutTest" name="checkoutWithoutPostalCodeTest" time="0.0">
    <ignored/>
  </testcase> <!-- checkoutWithoutPostalCodeTest -->
  <testcase classname="tests.CheckoutTest" name="verifyCheckoutPageTitleTest" time="0.0">
    <ignored/>
  </testcase> <!-- verifyCheckoutPageTitleTest -->
  <testcase classname="tests.CheckoutTest" name="verifyOrderSummaryTest" time="0.0">
    <ignored/>
  </testcase> <!-- verifyOrderSummaryTest -->
  <testcase classname="tests.ProductTest" name="verifyProductNameAndPrice" time="0.0">
    <ignored/>
  </testcase> <!-- verifyProductNameAndPrice -->
  <testcase classname="tests.CheckoutTest" name="checkoutWithValidInfoTest" time="0.0">
    <ignored/>
  </testcase> <!-- checkoutWithValidInfoTest -->
  <testcase classname="tests.CheckoutTest" name="verifyFinishPageURLTest" time="0.0">
    <ignored/>
  </testcase> <!-- verifyFinishPageURLTest -->
</testsuite> <!-- Regression Tests -->
