<?xml version="1.0" encoding="UTF-8"?>
<testng-results ignored="0" total="28" passed="28" failed="0" skipped="0">
  <reporter-output>
  </reporter-output>
  <suite started-at="2025-05-27T16:30:00 CDT" name="Full E-Commerce Test Suite" finished-at="2025-05-27T16:31:23 CDT" duration-ms="83011">
    <groups>
    </groups>
    <test started-at="2025-05-27T16:30:00 CDT" name="Login" finished-at="2025-05-27T16:30:20 CDT" duration-ms="20085">
      <class name="tests.LoginTest">
        <test-method is-config="true" signature="setUp()[pri:0, instance:tests.LoginTest@63a65a25]" started-at="2025-05-27T16:30:00 CDT" name="setUp" finished-at="2025-05-27T16:30:03 CDT" duration-ms="3398" status="PASS">
          <reporter-output>
          </reporter-output>
        </test-method> <!-- setUp -->
        <test-method signature="loginWithCaseSensitiveUsername()[pri:0, instance:tests.LoginTest@63a65a25]" started-at="2025-05-27T16:30:03 CDT" name="loginWithCaseSensitiveUsername" finished-at="2025-05-27T16:30:04 CDT" duration-ms="566" status="PASS">
          <reporter-output>
          </reporter-output>
        </test-method> <!-- loginWithCaseSensitiveUsername -->
        <test-method is-config="true" signature="tearDown()[pri:0, instance:tests.LoginTest@63a65a25]" started-at="2025-05-27T16:30:04 CDT" name="tearDown" finished-at="2025-05-27T16:30:04 CDT" duration-ms="285" status="PASS">
          <reporter-output>
          </reporter-output>
        </test-method> <!-- tearDown -->
        <test-method is-config="true" signature="setUp()[pri:0, instance:tests.LoginTest@63a65a25]" started-at="2025-05-27T16:30:04 CDT" name="setUp" finished-at="2025-05-27T16:30:06 CDT" duration-ms="1444" status="PASS">
          <reporter-output>
          </reporter-output>
        </test-method> <!-- setUp -->
        <test-method signature="loginWithEmptyFields()[pri:0, instance:tests.LoginTest@63a65a25]" started-at="2025-05-27T16:30:06 CDT" name="loginWithEmptyFields" finished-at="2025-05-27T16:30:06 CDT" duration-ms="334" status="PASS">
          <reporter-output>
          </reporter-output>
        </test-method> <!-- loginWithEmptyFields -->
        <test-method is-config="true" signature="tearDown()[pri:0, instance:tests.LoginTest@63a65a25]" started-at="2025-05-27T16:30:06 CDT" name="tearDown" finished-at="2025-05-27T16:30:06 CDT" duration-ms="188" status="PASS">
          <reporter-output>
          </reporter-output>
        </test-method> <!-- tearDown -->
        <test-method is-config="true" signature="setUp()[pri:0, instance:tests.LoginTest@63a65a25]" started-at="2025-05-27T16:30:06 CDT" name="setUp" finished-at="2025-05-27T16:30:08 CDT" duration-ms="1437" status="PASS">
          <reporter-output>
          </reporter-output>
        </test-method> <!-- setUp -->
        <test-method signature="loginWithEmptyPassword()[pri:0, instance:tests.LoginTest@63a65a25]" started-at="2025-05-27T16:30:08 CDT" name="loginWithEmptyPassword" finished-at="2025-05-27T16:30:08 CDT" duration-ms="333" status="PASS">
          <reporter-output>
          </reporter-output>
        </test-method> <!-- loginWithEmptyPassword -->
        <test-method is-config="true" signature="tearDown()[pri:0, instance:tests.LoginTest@63a65a25]" started-at="2025-05-27T16:30:08 CDT" name="tearDown" finished-at="2025-05-27T16:30:09 CDT" duration-ms="635" status="PASS">
          <reporter-output>
          </reporter-output>
        </test-method> <!-- tearDown -->
        <test-method is-config="true" signature="setUp()[pri:0, instance:tests.LoginTest@63a65a25]" started-at="2025-05-27T16:30:09 CDT" name="setUp" finished-at="2025-05-27T16:30:10 CDT" duration-ms="1195" status="PASS">
          <reporter-output>
          </reporter-output>
        </test-method> <!-- setUp -->
        <test-method signature="loginWithEmptyUsername()[pri:0, instance:tests.LoginTest@63a65a25]" started-at="2025-05-27T16:30:10 CDT" name="loginWithEmptyUsername" finished-at="2025-05-27T16:30:10 CDT" duration-ms="449" status="PASS">
          <reporter-output>
          </reporter-output>
        </test-method> <!-- loginWithEmptyUsername -->
        <test-method is-config="true" signature="tearDown()[pri:0, instance:tests.LoginTest@63a65a25]" started-at="2025-05-27T16:30:10 CDT" name="tearDown" finished-at="2025-05-27T16:30:10 CDT" duration-ms="178" status="PASS">
          <reporter-output>
          </reporter-output>
        </test-method> <!-- tearDown -->
        <test-method is-config="true" signature="setUp()[pri:0, instance:tests.LoginTest@63a65a25]" started-at="2025-05-27T16:30:10 CDT" name="setUp" finished-at="2025-05-27T16:30:12 CDT" duration-ms="1557" status="PASS">
          <reporter-output>
          </reporter-output>
        </test-method> <!-- setUp -->
        <test-method signature="loginWithInvalidPassword()[pri:0, instance:tests.LoginTest@63a65a25]" started-at="2025-05-27T16:30:12 CDT" name="loginWithInvalidPassword" finished-at="2025-05-27T16:30:12 CDT" duration-ms="597" status="PASS">
          <reporter-output>
          </reporter-output>
        </test-method> <!-- loginWithInvalidPassword -->
        <test-method is-config="true" signature="tearDown()[pri:0, instance:tests.LoginTest@63a65a25]" started-at="2025-05-27T16:30:12 CDT" name="tearDown" finished-at="2025-05-27T16:30:13 CDT" duration-ms="243" status="PASS">
          <reporter-output>
          </reporter-output>
        </test-method> <!-- tearDown -->
        <test-method is-config="true" signature="setUp()[pri:0, instance:tests.LoginTest@63a65a25]" started-at="2025-05-27T16:30:13 CDT" name="setUp" finished-at="2025-05-27T16:30:14 CDT" duration-ms="1349" status="PASS">
          <reporter-output>
          </reporter-output>
        </test-method> <!-- setUp -->
        <test-method signature="loginWithInvalidUsername()[pri:0, instance:tests.LoginTest@63a65a25]" started-at="2025-05-27T16:30:14 CDT" name="loginWithInvalidUsername" finished-at="2025-05-27T16:30:15 CDT" duration-ms="641" status="PASS">
          <reporter-output>
          </reporter-output>
        </test-method> <!-- loginWithInvalidUsername -->
        <test-method is-config="true" signature="tearDown()[pri:0, instance:tests.LoginTest@63a65a25]" started-at="2025-05-27T16:30:15 CDT" name="tearDown" finished-at="2025-05-27T16:30:15 CDT" duration-ms="287" status="PASS">
          <reporter-output>
          </reporter-output>
        </test-method> <!-- tearDown -->
        <test-method is-config="true" signature="setUp()[pri:0, instance:tests.LoginTest@63a65a25]" started-at="2025-05-27T16:30:15 CDT" name="setUp" finished-at="2025-05-27T16:30:17 CDT" duration-ms="1547" status="PASS">
          <reporter-output>
          </reporter-output>
        </test-method> <!-- setUp -->
        <test-method signature="loginWithLockedOutUser()[pri:0, instance:tests.LoginTest@63a65a25]" started-at="2025-05-27T16:30:17 CDT" name="loginWithLockedOutUser" finished-at="2025-05-27T16:30:17 CDT" duration-ms="509" status="PASS">
          <reporter-output>
          </reporter-output>
        </test-method> <!-- loginWithLockedOutUser -->
        <test-method is-config="true" signature="tearDown()[pri:0, instance:tests.LoginTest@63a65a25]" started-at="2025-05-27T16:30:17 CDT" name="tearDown" finished-at="2025-05-27T16:30:17 CDT" duration-ms="381" status="PASS">
          <reporter-output>
          </reporter-output>
        </test-method> <!-- tearDown -->
        <test-method is-config="true" signature="setUp()[pri:0, instance:tests.LoginTest@63a65a25]" started-at="2025-05-27T16:30:17 CDT" name="setUp" finished-at="2025-05-27T16:30:19 CDT" duration-ms="1634" status="PASS">
          <reporter-output>
          </reporter-output>
        </test-method> <!-- setUp -->
        <test-method signature="loginWithValidCredentials()[pri:0, instance:tests.LoginTest@63a65a25]" started-at="2025-05-27T16:30:19 CDT" name="loginWithValidCredentials" finished-at="2025-05-27T16:30:20 CDT" duration-ms="536" status="PASS">
          <reporter-output>
          </reporter-output>
        </test-method> <!-- loginWithValidCredentials -->
        <test-method is-config="true" signature="tearDown()[pri:0, instance:tests.LoginTest@63a65a25]" started-at="2025-05-27T16:30:20 CDT" name="tearDown" finished-at="2025-05-27T16:30:20 CDT" duration-ms="311" status="PASS">
          <reporter-output>
          </reporter-output>
        </test-method> <!-- tearDown -->
      </class> <!-- tests.LoginTest -->
    </test> <!-- Login -->
    <test started-at="2025-05-27T16:30:20 CDT" name="Functional" finished-at="2025-05-27T16:31:23 CDT" duration-ms="62893">
      <class name="tests.CartTest">
        <test-method is-config="true" signature="setUp()[pri:0, instance:tests.CartTest@7f552bd3]" started-at="2025-05-27T16:30:44 CDT" name="setUp" finished-at="2025-05-27T16:30:45 CDT" duration-ms="1418" status="PASS">
          <reporter-output>
          </reporter-output>
        </test-method> <!-- setUp -->
        <test-method signature="proceedToCheckoutTest()[pri:0, instance:tests.CartTest@7f552bd3]" started-at="2025-05-27T16:30:45 CDT" name="proceedToCheckoutTest" finished-at="2025-05-27T16:30:46 CDT" duration-ms="896" status="PASS">
          <reporter-output>
          </reporter-output>
        </test-method> <!-- proceedToCheckoutTest -->
        <test-method is-config="true" signature="tearDown()[pri:0, instance:tests.CartTest@7f552bd3]" started-at="2025-05-27T16:30:46 CDT" name="tearDown" finished-at="2025-05-27T16:30:46 CDT" duration-ms="302" status="PASS">
          <reporter-output>
          </reporter-output>
        </test-method> <!-- tearDown -->
        <test-method is-config="true" signature="setUp()[pri:0, instance:tests.CartTest@7f552bd3]" started-at="2025-05-27T16:30:46 CDT" name="setUp" finished-at="2025-05-27T16:30:48 CDT" duration-ms="1405" status="PASS">
          <reporter-output>
          </reporter-output>
        </test-method> <!-- setUp -->
        <test-method signature="removeItemFromCartTest()[pri:0, instance:tests.CartTest@7f552bd3]" started-at="2025-05-27T16:30:48 CDT" name="removeItemFromCartTest" finished-at="2025-05-27T16:30:49 CDT" duration-ms="925" status="PASS">
          <reporter-output>
          </reporter-output>
        </test-method> <!-- removeItemFromCartTest -->
        <test-method is-config="true" signature="tearDown()[pri:0, instance:tests.CartTest@7f552bd3]" started-at="2025-05-27T16:30:49 CDT" name="tearDown" finished-at="2025-05-27T16:30:49 CDT" duration-ms="235" status="PASS">
          <reporter-output>
          </reporter-output>
        </test-method> <!-- tearDown -->
        <test-method is-config="true" signature="setUp()[pri:0, instance:tests.CartTest@7f552bd3]" started-at="2025-05-27T16:30:49 CDT" name="setUp" finished-at="2025-05-27T16:30:50 CDT" duration-ms="1393" status="PASS">
          <reporter-output>
          </reporter-output>
        </test-method> <!-- setUp -->
        <test-method signature="verifyCartContentsTest()[pri:0, instance:tests.CartTest@7f552bd3]" started-at="2025-05-27T16:30:50 CDT" name="verifyCartContentsTest" finished-at="2025-05-27T16:30:51 CDT" duration-ms="698" status="PASS">
          <reporter-output>
          </reporter-output>
        </test-method> <!-- verifyCartContentsTest -->
        <test-method is-config="true" signature="tearDown()[pri:0, instance:tests.CartTest@7f552bd3]" started-at="2025-05-27T16:30:51 CDT" name="tearDown" finished-at="2025-05-27T16:30:51 CDT" duration-ms="290" status="PASS">
          <reporter-output>
          </reporter-output>
        </test-method> <!-- tearDown -->
      </class> <!-- tests.CartTest -->
      <class name="tests.ProductTest">
        <test-method is-config="true" signature="setUp()[pri:0, instance:tests.ProductTest@3eb7fc54]" started-at="2025-05-27T16:30:20 CDT" name="setUp" finished-at="2025-05-27T16:30:21 CDT" duration-ms="1327" status="PASS">
          <reporter-output>
          </reporter-output>
        </test-method> <!-- setUp -->
        <test-method is-config="true" signature="loginBeforeEachTest()[pri:0, instance:tests.ProductTest@3eb7fc54]" started-at="2025-05-27T16:30:21 CDT" name="loginBeforeEachTest" finished-at="2025-05-27T16:30:22 CDT" duration-ms="571" status="PASS">
          <reporter-output>
          </reporter-output>
        </test-method> <!-- loginBeforeEachTest -->
        <test-method signature="addMultipleProductsToCartTest()[pri:0, instance:tests.ProductTest@3eb7fc54]" started-at="2025-05-27T16:30:22 CDT" name="addMultipleProductsToCartTest" finished-at="2025-05-27T16:30:22 CDT" duration-ms="248" status="PASS">
          <reporter-output>
          </reporter-output>
        </test-method> <!-- addMultipleProductsToCartTest -->
        <test-method is-config="true" signature="tearDown()[pri:0, instance:tests.ProductTest@3eb7fc54]" started-at="2025-05-27T16:30:22 CDT" name="tearDown" finished-at="2025-05-27T16:30:22 CDT" duration-ms="241" status="PASS">
          <reporter-output>
          </reporter-output>
        </test-method> <!-- tearDown -->
        <test-method is-config="true" signature="setUp()[pri:0, instance:tests.ProductTest@3eb7fc54]" started-at="2025-05-27T16:30:22 CDT" name="setUp" finished-at="2025-05-27T16:30:24 CDT" duration-ms="1281" status="PASS">
          <reporter-output>
          </reporter-output>
        </test-method> <!-- setUp -->
        <test-method is-config="true" signature="loginBeforeEachTest()[pri:0, instance:tests.ProductTest@3eb7fc54]" started-at="2025-05-27T16:30:24 CDT" name="loginBeforeEachTest" finished-at="2025-05-27T16:30:24 CDT" duration-ms="457" status="PASS">
          <reporter-output>
          </reporter-output>
        </test-method> <!-- loginBeforeEachTest -->
        <test-method signature="removeProductFromCartTest()[pri:0, instance:tests.ProductTest@3eb7fc54]" started-at="2025-05-27T16:30:24 CDT" name="removeProductFromCartTest" finished-at="2025-05-27T16:30:24 CDT" duration-ms="213" status="PASS">
          <reporter-output>
          </reporter-output>
        </test-method> <!-- removeProductFromCartTest -->
        <test-method is-config="true" signature="tearDown()[pri:0, instance:tests.ProductTest@3eb7fc54]" started-at="2025-05-27T16:30:24 CDT" name="tearDown" finished-at="2025-05-27T16:30:25 CDT" duration-ms="302" status="PASS">
          <reporter-output>
          </reporter-output>
        </test-method> <!-- tearDown -->
        <test-method is-config="true" signature="setUp()[pri:0, instance:tests.ProductTest@3eb7fc54]" started-at="2025-05-27T16:30:25 CDT" name="setUp" finished-at="2025-05-27T16:30:26 CDT" duration-ms="1218" status="PASS">
          <reporter-output>
          </reporter-output>
        </test-method> <!-- setUp -->
        <test-method is-config="true" signature="loginBeforeEachTest()[pri:0, instance:tests.ProductTest@3eb7fc54]" started-at="2025-05-27T16:30:26 CDT" name="loginBeforeEachTest" finished-at="2025-05-27T16:30:26 CDT" duration-ms="408" status="PASS">
          <reporter-output>
          </reporter-output>
        </test-method> <!-- loginBeforeEachTest -->
        <test-method signature="sortProductsByNameAZ()[pri:0, instance:tests.ProductTest@3eb7fc54]" started-at="2025-05-27T16:30:26 CDT" name="sortProductsByNameAZ" finished-at="2025-05-27T16:30:26 CDT" duration-ms="167" status="PASS">
          <reporter-output>
          </reporter-output>
        </test-method> <!-- sortProductsByNameAZ -->
        <test-method is-config="true" signature="tearDown()[pri:0, instance:tests.ProductTest@3eb7fc54]" started-at="2025-05-27T16:30:26 CDT" name="tearDown" finished-at="2025-05-27T16:30:28 CDT" duration-ms="1434" status="PASS">
          <reporter-output>
          </reporter-output>
        </test-method> <!-- tearDown -->
        <test-method is-config="true" signature="setUp()[pri:0, instance:tests.ProductTest@3eb7fc54]" started-at="2025-05-27T16:30:28 CDT" name="setUp" finished-at="2025-05-27T16:30:30 CDT" duration-ms="1729" status="PASS">
          <reporter-output>
          </reporter-output>
        </test-method> <!-- setUp -->
        <test-method is-config="true" signature="loginBeforeEachTest()[pri:0, instance:tests.ProductTest@3eb7fc54]" started-at="2025-05-27T16:30:30 CDT" name="loginBeforeEachTest" finished-at="2025-05-27T16:30:30 CDT" duration-ms="492" status="PASS">
          <reporter-output>
          </reporter-output>
        </test-method> <!-- loginBeforeEachTest -->
        <test-method signature="sortProductsByNameZA()[pri:0, instance:tests.ProductTest@3eb7fc54]" started-at="2025-05-27T16:30:30 CDT" name="sortProductsByNameZA" finished-at="2025-05-27T16:30:30 CDT" duration-ms="222" status="PASS">
          <reporter-output>
          </reporter-output>
        </test-method> <!-- sortProductsByNameZA -->
        <test-method is-config="true" signature="tearDown()[pri:0, instance:tests.ProductTest@3eb7fc54]" started-at="2025-05-27T16:30:30 CDT" name="tearDown" finished-at="2025-05-27T16:30:31 CDT" duration-ms="294" status="PASS">
          <reporter-output>
          </reporter-output>
        </test-method> <!-- tearDown -->
        <test-method is-config="true" signature="setUp()[pri:0, instance:tests.ProductTest@3eb7fc54]" started-at="2025-05-27T16:30:31 CDT" name="setUp" finished-at="2025-05-27T16:30:32 CDT" duration-ms="1648" status="PASS">
          <reporter-output>
          </reporter-output>
        </test-method> <!-- setUp -->
        <test-method is-config="true" signature="loginBeforeEachTest()[pri:0, instance:tests.ProductTest@3eb7fc54]" started-at="2025-05-27T16:30:32 CDT" name="loginBeforeEachTest" finished-at="2025-05-27T16:30:33 CDT" duration-ms="406" status="PASS">
          <reporter-output>
          </reporter-output>
        </test-method> <!-- loginBeforeEachTest -->
        <test-method signature="sortProductsByPriceHighToLow()[pri:0, instance:tests.ProductTest@3eb7fc54]" started-at="2025-05-27T16:30:33 CDT" name="sortProductsByPriceHighToLow" finished-at="2025-05-27T16:30:33 CDT" duration-ms="190" status="PASS">
          <reporter-output>
          </reporter-output>
        </test-method> <!-- sortProductsByPriceHighToLow -->
        <test-method is-config="true" signature="tearDown()[pri:0, instance:tests.ProductTest@3eb7fc54]" started-at="2025-05-27T16:30:33 CDT" name="tearDown" finished-at="2025-05-27T16:30:34 CDT" duration-ms="1290" status="PASS">
          <reporter-output>
          </reporter-output>
        </test-method> <!-- tearDown -->
        <test-method is-config="true" signature="setUp()[pri:0, instance:tests.ProductTest@3eb7fc54]" started-at="2025-05-27T16:30:34 CDT" name="setUp" finished-at="2025-05-27T16:30:36 CDT" duration-ms="1583" status="PASS">
          <reporter-output>
          </reporter-output>
        </test-method> <!-- setUp -->
        <test-method is-config="true" signature="loginBeforeEachTest()[pri:0, instance:tests.ProductTest@3eb7fc54]" started-at="2025-05-27T16:30:36 CDT" name="loginBeforeEachTest" finished-at="2025-05-27T16:30:36 CDT" duration-ms="485" status="PASS">
          <reporter-output>
          </reporter-output>
        </test-method> <!-- loginBeforeEachTest -->
        <test-method signature="sortProductsByPriceLowToHigh()[pri:0, instance:tests.ProductTest@3eb7fc54]" started-at="2025-05-27T16:30:36 CDT" name="sortProductsByPriceLowToHigh" finished-at="2025-05-27T16:30:36 CDT" duration-ms="220" status="PASS">
          <reporter-output>
          </reporter-output>
        </test-method> <!-- sortProductsByPriceLowToHigh -->
        <test-method is-config="true" signature="tearDown()[pri:0, instance:tests.ProductTest@3eb7fc54]" started-at="2025-05-27T16:30:36 CDT" name="tearDown" finished-at="2025-05-27T16:30:37 CDT" duration-ms="192" status="PASS">
          <reporter-output>
          </reporter-output>
        </test-method> <!-- tearDown -->
        <test-method is-config="true" signature="setUp()[pri:0, instance:tests.ProductTest@3eb7fc54]" started-at="2025-05-27T16:30:37 CDT" name="setUp" finished-at="2025-05-27T16:30:38 CDT" duration-ms="1249" status="PASS">
          <reporter-output>
          </reporter-output>
        </test-method> <!-- setUp -->
        <test-method is-config="true" signature="loginBeforeEachTest()[pri:0, instance:tests.ProductTest@3eb7fc54]" started-at="2025-05-27T16:30:38 CDT" name="loginBeforeEachTest" finished-at="2025-05-27T16:30:38 CDT" duration-ms="460" status="PASS">
          <reporter-output>
          </reporter-output>
        </test-method> <!-- loginBeforeEachTest -->
        <test-method signature="verifyCartIconUpdates()[pri:0, instance:tests.ProductTest@3eb7fc54]" started-at="2025-05-27T16:30:38 CDT" name="verifyCartIconUpdates" finished-at="2025-05-27T16:30:38 CDT" duration-ms="124" status="PASS">
          <reporter-output>
          </reporter-output>
        </test-method> <!-- verifyCartIconUpdates -->
        <test-method is-config="true" signature="tearDown()[pri:0, instance:tests.ProductTest@3eb7fc54]" started-at="2025-05-27T16:30:38 CDT" name="tearDown" finished-at="2025-05-27T16:30:39 CDT" duration-ms="328" status="PASS">
          <reporter-output>
          </reporter-output>
        </test-method> <!-- tearDown -->
        <test-method is-config="true" signature="setUp()[pri:0, instance:tests.ProductTest@3eb7fc54]" started-at="2025-05-27T16:30:39 CDT" name="setUp" finished-at="2025-05-27T16:30:40 CDT" duration-ms="1367" status="PASS">
          <reporter-output>
          </reporter-output>
        </test-method> <!-- setUp -->
        <test-method is-config="true" signature="loginBeforeEachTest()[pri:0, instance:tests.ProductTest@3eb7fc54]" started-at="2025-05-27T16:30:40 CDT" name="loginBeforeEachTest" finished-at="2025-05-27T16:30:41 CDT" duration-ms="534" status="PASS">
          <reporter-output>
          </reporter-output>
        </test-method> <!-- loginBeforeEachTest -->
        <test-method signature="verifyProductDetailsPage()[pri:0, instance:tests.ProductTest@3eb7fc54]" started-at="2025-05-27T16:30:41 CDT" name="verifyProductDetailsPage" finished-at="2025-05-27T16:30:41 CDT" duration-ms="221" status="PASS">
          <reporter-output>
          </reporter-output>
        </test-method> <!-- verifyProductDetailsPage -->
        <test-method is-config="true" signature="tearDown()[pri:0, instance:tests.ProductTest@3eb7fc54]" started-at="2025-05-27T16:30:41 CDT" name="tearDown" finished-at="2025-05-27T16:30:41 CDT" duration-ms="401" status="PASS">
          <reporter-output>
          </reporter-output>
        </test-method> <!-- tearDown -->
        <test-method is-config="true" signature="setUp()[pri:0, instance:tests.ProductTest@3eb7fc54]" started-at="2025-05-27T16:30:41 CDT" name="setUp" finished-at="2025-05-27T16:30:43 CDT" duration-ms="1575" status="PASS">
          <reporter-output>
          </reporter-output>
        </test-method> <!-- setUp -->
        <test-method is-config="true" signature="loginBeforeEachTest()[pri:0, instance:tests.ProductTest@3eb7fc54]" started-at="2025-05-27T16:30:43 CDT" name="loginBeforeEachTest" finished-at="2025-05-27T16:30:43 CDT" duration-ms="541" status="PASS">
          <reporter-output>
          </reporter-output>
        </test-method> <!-- loginBeforeEachTest -->
        <test-method signature="verifyProductNameAndPrice()[pri:0, instance:tests.ProductTest@3eb7fc54]" started-at="2025-05-27T16:30:43 CDT" name="verifyProductNameAndPrice" finished-at="2025-05-27T16:30:43 CDT" duration-ms="75" status="PASS">
          <reporter-output>
          </reporter-output>
        </test-method> <!-- verifyProductNameAndPrice -->
        <test-method is-config="true" signature="tearDown()[pri:0, instance:tests.ProductTest@3eb7fc54]" started-at="2025-05-27T16:30:43 CDT" name="tearDown" finished-at="2025-05-27T16:30:44 CDT" duration-ms="267" status="PASS">
          <reporter-output>
          </reporter-output>
        </test-method> <!-- tearDown -->
      </class> <!-- tests.ProductTest -->
      <class name="tests.CheckoutTest">
        <test-method is-config="true" signature="setUp()[pri:0, instance:tests.CheckoutTest@3c22fc4c]" started-at="2025-05-27T16:30:51 CDT" name="setUp" finished-at="2025-05-27T16:30:53 CDT" duration-ms="1347" status="PASS">
          <reporter-output>
          </reporter-output>
        </test-method> <!-- setUp -->
        <test-method signature="checkoutWithMissingInfoTest()[pri:0, instance:tests.CheckoutTest@3c22fc4c]" started-at="2025-05-27T16:30:53 CDT" name="checkoutWithMissingInfoTest" finished-at="2025-05-27T16:30:54 CDT" duration-ms="935" status="PASS">
          <reporter-output>
          </reporter-output>
        </test-method> <!-- checkoutWithMissingInfoTest -->
        <test-method is-config="true" signature="tearDown()[pri:0, instance:tests.CheckoutTest@3c22fc4c]" started-at="2025-05-27T16:30:54 CDT" name="tearDown" finished-at="2025-05-27T16:30:54 CDT" duration-ms="669" status="PASS">
          <reporter-output>
          </reporter-output>
        </test-method> <!-- tearDown -->
        <test-method is-config="true" signature="setUp()[pri:0, instance:tests.CheckoutTest@3c22fc4c]" started-at="2025-05-27T16:30:54 CDT" name="setUp" finished-at="2025-05-27T16:30:56 CDT" duration-ms="1648" status="PASS">
          <reporter-output>
          </reporter-output>
        </test-method> <!-- setUp -->
        <test-method signature="checkoutWithValidInfoTest()[pri:0, instance:tests.CheckoutTest@3c22fc4c]" started-at="2025-05-27T16:30:56 CDT" name="checkoutWithValidInfoTest" finished-at="2025-05-27T16:30:57 CDT" duration-ms="1217" status="PASS">
          <reporter-output>
          </reporter-output>
        </test-method> <!-- checkoutWithValidInfoTest -->
        <test-method is-config="true" signature="tearDown()[pri:0, instance:tests.CheckoutTest@3c22fc4c]" started-at="2025-05-27T16:30:57 CDT" name="tearDown" finished-at="2025-05-27T16:30:58 CDT" duration-ms="510" status="PASS">
          <reporter-output>
          </reporter-output>
        </test-method> <!-- tearDown -->
        <test-method is-config="true" signature="setUp()[pri:0, instance:tests.CheckoutTest@3c22fc4c]" started-at="2025-05-27T16:30:58 CDT" name="setUp" finished-at="2025-05-27T16:30:59 CDT" duration-ms="1532" status="PASS">
          <reporter-output>
          </reporter-output>
        </test-method> <!-- setUp -->
        <test-method signature="checkoutWithoutFirstNameTest()[pri:0, instance:tests.CheckoutTest@3c22fc4c]" started-at="2025-05-27T16:30:59 CDT" name="checkoutWithoutFirstNameTest" finished-at="2025-05-27T16:31:00 CDT" duration-ms="996" status="PASS">
          <reporter-output>
          </reporter-output>
        </test-method> <!-- checkoutWithoutFirstNameTest -->
        <test-method is-config="true" signature="tearDown()[pri:0, instance:tests.CheckoutTest@3c22fc4c]" started-at="2025-05-27T16:31:00 CDT" name="tearDown" finished-at="2025-05-27T16:31:01 CDT" duration-ms="442" status="PASS">
          <reporter-output>
          </reporter-output>
        </test-method> <!-- tearDown -->
        <test-method is-config="true" signature="setUp()[pri:0, instance:tests.CheckoutTest@3c22fc4c]" started-at="2025-05-27T16:31:01 CDT" name="setUp" finished-at="2025-05-27T16:31:05 CDT" duration-ms="4413" status="PASS">
          <reporter-output>
          </reporter-output>
        </test-method> <!-- setUp -->
        <test-method signature="checkoutWithoutLastNameTest()[pri:0, instance:tests.CheckoutTest@3c22fc4c]" started-at="2025-05-27T16:31:05 CDT" name="checkoutWithoutLastNameTest" finished-at="2025-05-27T16:31:06 CDT" duration-ms="911" status="PASS">
          <reporter-output>
          </reporter-output>
        </test-method> <!-- checkoutWithoutLastNameTest -->
        <test-method is-config="true" signature="tearDown()[pri:0, instance:tests.CheckoutTest@3c22fc4c]" started-at="2025-05-27T16:31:06 CDT" name="tearDown" finished-at="2025-05-27T16:31:07 CDT" duration-ms="678" status="PASS">
          <reporter-output>
          </reporter-output>
        </test-method> <!-- tearDown -->
        <test-method is-config="true" signature="setUp()[pri:0, instance:tests.CheckoutTest@3c22fc4c]" started-at="2025-05-27T16:31:07 CDT" name="setUp" finished-at="2025-05-27T16:31:11 CDT" duration-ms="4009" status="PASS">
          <reporter-output>
          </reporter-output>
        </test-method> <!-- setUp -->
        <test-method signature="checkoutWithoutPostalCodeTest()[pri:0, instance:tests.CheckoutTest@3c22fc4c]" started-at="2025-05-27T16:31:11 CDT" name="checkoutWithoutPostalCodeTest" finished-at="2025-05-27T16:31:13 CDT" duration-ms="2050" status="PASS">
          <reporter-output>
          </reporter-output>
        </test-method> <!-- checkoutWithoutPostalCodeTest -->
        <test-method is-config="true" signature="tearDown()[pri:0, instance:tests.CheckoutTest@3c22fc4c]" started-at="2025-05-27T16:31:13 CDT" name="tearDown" finished-at="2025-05-27T16:31:13 CDT" duration-ms="378" status="PASS">
          <reporter-output>
          </reporter-output>
        </test-method> <!-- tearDown -->
        <test-method is-config="true" signature="setUp()[pri:0, instance:tests.CheckoutTest@3c22fc4c]" started-at="2025-05-27T16:31:13 CDT" name="setUp" finished-at="2025-05-27T16:31:16 CDT" duration-ms="2784" status="PASS">
          <reporter-output>
          </reporter-output>
        </test-method> <!-- setUp -->
        <test-method signature="verifyCheckoutPageTitleTest()[pri:0, instance:tests.CheckoutTest@3c22fc4c]" started-at="2025-05-27T16:31:16 CDT" name="verifyCheckoutPageTitleTest" finished-at="2025-05-27T16:31:17 CDT" duration-ms="925" status="PASS">
          <reporter-output>
          </reporter-output>
        </test-method> <!-- verifyCheckoutPageTitleTest -->
        <test-method is-config="true" signature="tearDown()[pri:0, instance:tests.CheckoutTest@3c22fc4c]" started-at="2025-05-27T16:31:17 CDT" name="tearDown" finished-at="2025-05-27T16:31:17 CDT" duration-ms="247" status="PASS">
          <reporter-output>
          </reporter-output>
        </test-method> <!-- tearDown -->
        <test-method is-config="true" signature="setUp()[pri:0, instance:tests.CheckoutTest@3c22fc4c]" started-at="2025-05-27T16:31:17 CDT" name="setUp" finished-at="2025-05-27T16:31:18 CDT" duration-ms="1430" status="PASS">
          <reporter-output>
          </reporter-output>
        </test-method> <!-- setUp -->
        <test-method signature="verifyFinishPageURLTest()[pri:0, instance:tests.CheckoutTest@3c22fc4c]" started-at="2025-05-27T16:31:18 CDT" name="verifyFinishPageURLTest" finished-at="2025-05-27T16:31:20 CDT" duration-ms="1209" status="PASS">
          <reporter-output>
          </reporter-output>
        </test-method> <!-- verifyFinishPageURLTest -->
        <test-method is-config="true" signature="tearDown()[pri:0, instance:tests.CheckoutTest@3c22fc4c]" started-at="2025-05-27T16:31:20 CDT" name="tearDown" finished-at="2025-05-27T16:31:20 CDT" duration-ms="492" status="PASS">
          <reporter-output>
          </reporter-output>
        </test-method> <!-- tearDown -->
        <test-method is-config="true" signature="setUp()[pri:0, instance:tests.CheckoutTest@3c22fc4c]" started-at="2025-05-27T16:31:20 CDT" name="setUp" finished-at="2025-05-27T16:31:21 CDT" duration-ms="909" status="PASS">
          <reporter-output>
          </reporter-output>
        </test-method> <!-- setUp -->
        <test-method signature="verifyOrderSummaryTest()[pri:0, instance:tests.CheckoutTest@3c22fc4c]" started-at="2025-05-27T16:31:21 CDT" name="verifyOrderSummaryTest" finished-at="2025-05-27T16:31:23 CDT" duration-ms="1497" status="PASS">
          <reporter-output>
          </reporter-output>
        </test-method> <!-- verifyOrderSummaryTest -->
        <test-method is-config="true" signature="tearDown()[pri:0, instance:tests.CheckoutTest@3c22fc4c]" started-at="2025-05-27T16:31:23 CDT" name="tearDown" finished-at="2025-05-27T16:31:23 CDT" duration-ms="301" status="PASS">
          <reporter-output>
          </reporter-output>
        </test-method> <!-- tearDown -->
      </class> <!-- tests.CheckoutTest -->
    </test> <!-- Functional -->
  </suite> <!-- Full E-Commerce Test Suite -->
</testng-results>
