<?xml version="1.0" encoding="UTF-8"?>
<testng-results skipped="0" failed="0" ignored="0" total="28" passed="28">
  <reporter-output>
  </reporter-output>
  <suite name="Full E-Commerce Test Suite" duration-ms="73033" started-at="2025-05-28T11:08:21 CDT" finished-at="2025-05-28T11:09:34 CDT">
    <groups>
      <group name="regression">
        <method signature="LoginNegativeTest.loginWithInvalidPassword()[pri:0, instance:tests.LoginNegativeTest@1e965684]" name="loginWithInvalidPassword" class="tests.LoginNegativeTest"/>
        <method signature="LoginNegativeTest.loginWithInvalidUsername()[pri:0, instance:tests.LoginNegativeTest@1e965684]" name="loginWithInvalidUsername" class="tests.LoginNegativeTest"/>
        <method signature="LoginTest.loginWithValidCredentials()[pri:0, instance:tests.LoginTest@167fdd33]" name="loginWithValidCredentials" class="tests.LoginTest"/>
        <method signature="CartTest.removeItemFromCartTest()[pri:0, instance:tests.CartTest@33c7e1bb]" name="removeItemFromCartTest" class="tests.CartTest"/>
        <method signature="CartTest.verifyCartContentsTest()[pri:0, instance:tests.CartTest@33c7e1bb]" name="verifyCartContentsTest" class="tests.CartTest"/>
        <method signature="CheckoutTest.checkoutWithMissingInfoTest()[pri:0, instance:tests.CheckoutTest@34c4973]" name="checkoutWithMissingInfoTest" class="tests.CheckoutTest"/>
        <method signature="ProductTest.addMultipleProductsToCartTest()[pri:0, instance:tests.ProductTest@30a3107a]" name="addMultipleProductsToCartTest" class="tests.ProductTest"/>
        <method signature="ProductTest.removeProductFromCartTest()[pri:0, instance:tests.ProductTest@30a3107a]" name="removeProductFromCartTest" class="tests.ProductTest"/>
        <method signature="ProductTest.sortProductsByNameAZ()[pri:0, instance:tests.ProductTest@30a3107a]" name="sortProductsByNameAZ" class="tests.ProductTest"/>
        <method signature="ProductTest.sortProductsByNameZA()[pri:0, instance:tests.ProductTest@30a3107a]" name="sortProductsByNameZA" class="tests.ProductTest"/>
        <method signature="ProductTest.sortProductsByPriceHighToLow()[pri:0, instance:tests.ProductTest@30a3107a]" name="sortProductsByPriceHighToLow" class="tests.ProductTest"/>
        <method signature="ProductTest.sortProductsByPriceLowToHigh()[pri:0, instance:tests.ProductTest@30a3107a]" name="sortProductsByPriceLowToHigh" class="tests.ProductTest"/>
        <method signature="ProductTest.verifyProductDetailsPage()[pri:0, instance:tests.ProductTest@30a3107a]" name="verifyProductDetailsPage" class="tests.ProductTest"/>
      </group> <!-- regression -->
      <group name="smoke">
        <method signature="LoginTest.loginWithValidCredentials()[pri:0, instance:tests.LoginTest@167fdd33]" name="loginWithValidCredentials" class="tests.LoginTest"/>
        <method signature="CartTest.proceedToCheckoutTest()[pri:0, instance:tests.CartTest@33c7e1bb]" name="proceedToCheckoutTest" class="tests.CartTest"/>
        <method signature="CheckoutTest.checkoutWithValidInfoTest()[pri:0, instance:tests.CheckoutTest@34c4973]" name="checkoutWithValidInfoTest" class="tests.CheckoutTest"/>
        <method signature="CheckoutTest.verifyOrderSummaryTest()[pri:0, instance:tests.CheckoutTest@34c4973]" name="verifyOrderSummaryTest" class="tests.CheckoutTest"/>
        <method signature="ProductTest.addMultipleProductsToCartTest()[pri:0, instance:tests.ProductTest@30a3107a]" name="addMultipleProductsToCartTest" class="tests.ProductTest"/>
        <method signature="ProductTest.verifyProductDetailsPage()[pri:0, instance:tests.ProductTest@30a3107a]" name="verifyProductDetailsPage" class="tests.ProductTest"/>
        <method signature="ProductTest.verifyProductNameAndPrice()[pri:0, instance:tests.ProductTest@30a3107a]" name="verifyProductNameAndPrice" class="tests.ProductTest"/>
      </group> <!-- smoke -->
    </groups>
    <test name="Login" duration-ms="18934" started-at="2025-05-28T11:08:21 CDT" finished-at="2025-05-28T11:08:40 CDT">
      <class name="tests.LoginTest">
        <test-method status="PASS" signature="setUp()[pri:0, instance:tests.LoginTest@167fdd33]" name="setUp" is-config="true" duration-ms="1816" started-at="2025-05-28T11:08:21 CDT" finished-at="2025-05-28T11:08:23 CDT">
          <reporter-output>
          </reporter-output>
        </test-method> <!-- setUp -->
        <test-method status="PASS" signature="loginWithValidCredentials()[pri:0, instance:tests.LoginTest@167fdd33]" name="loginWithValidCredentials" duration-ms="312" started-at="2025-05-28T11:08:23 CDT" finished-at="2025-05-28T11:08:24 CDT">
          <reporter-output>
          </reporter-output>
        </test-method> <!-- loginWithValidCredentials -->
        <test-method status="PASS" signature="tearDown()[pri:0, instance:tests.LoginTest@167fdd33]" name="tearDown" is-config="true" duration-ms="711" started-at="2025-05-28T11:08:24 CDT" finished-at="2025-05-28T11:08:24 CDT">
          <reporter-output>
          </reporter-output>
        </test-method> <!-- tearDown -->
      </class> <!-- tests.LoginTest -->
      <class name="tests.LoginNegativeTest">
        <test-method status="PASS" signature="setUp()[pri:0, instance:tests.LoginNegativeTest@1e965684]" name="setUp" is-config="true" duration-ms="1065" started-at="2025-05-28T11:08:24 CDT" finished-at="2025-05-28T11:08:25 CDT">
          <reporter-output>
          </reporter-output>
        </test-method> <!-- setUp -->
        <test-method status="PASS" signature="loginWithCaseSensitiveUsername()[pri:0, instance:tests.LoginNegativeTest@1e965684]" name="loginWithCaseSensitiveUsername" duration-ms="304" started-at="2025-05-28T11:08:25 CDT" finished-at="2025-05-28T11:08:26 CDT">
          <reporter-output>
          </reporter-output>
        </test-method> <!-- loginWithCaseSensitiveUsername -->
        <test-method status="PASS" signature="tearDown()[pri:0, instance:tests.LoginNegativeTest@1e965684]" name="tearDown" is-config="true" duration-ms="664" started-at="2025-05-28T11:08:26 CDT" finished-at="2025-05-28T11:08:26 CDT">
          <reporter-output>
          </reporter-output>
        </test-method> <!-- tearDown -->
        <test-method status="PASS" signature="setUp()[pri:0, instance:tests.LoginNegativeTest@1e965684]" name="setUp" is-config="true" duration-ms="1232" started-at="2025-05-28T11:08:26 CDT" finished-at="2025-05-28T11:08:28 CDT">
          <reporter-output>
          </reporter-output>
        </test-method> <!-- setUp -->
        <test-method status="PASS" signature="loginWithEmptyFields()[pri:0, instance:tests.LoginNegativeTest@1e965684]" name="loginWithEmptyFields" duration-ms="472" started-at="2025-05-28T11:08:28 CDT" finished-at="2025-05-28T11:08:28 CDT">
          <reporter-output>
          </reporter-output>
        </test-method> <!-- loginWithEmptyFields -->
        <test-method status="PASS" signature="tearDown()[pri:0, instance:tests.LoginNegativeTest@1e965684]" name="tearDown" is-config="true" duration-ms="738" started-at="2025-05-28T11:08:28 CDT" finished-at="2025-05-28T11:08:29 CDT">
          <reporter-output>
          </reporter-output>
        </test-method> <!-- tearDown -->
        <test-method status="PASS" signature="setUp()[pri:0, instance:tests.LoginNegativeTest@1e965684]" name="setUp" is-config="true" duration-ms="1239" started-at="2025-05-28T11:08:29 CDT" finished-at="2025-05-28T11:08:30 CDT">
          <reporter-output>
          </reporter-output>
        </test-method> <!-- setUp -->
        <test-method status="PASS" signature="loginWithEmptyPassword()[pri:0, instance:tests.LoginNegativeTest@1e965684]" name="loginWithEmptyPassword" duration-ms="487" started-at="2025-05-28T11:08:30 CDT" finished-at="2025-05-28T11:08:31 CDT">
          <reporter-output>
          </reporter-output>
        </test-method> <!-- loginWithEmptyPassword -->
        <test-method status="PASS" signature="tearDown()[pri:0, instance:tests.LoginNegativeTest@1e965684]" name="tearDown" is-config="true" duration-ms="687" started-at="2025-05-28T11:08:31 CDT" finished-at="2025-05-28T11:08:31 CDT">
          <reporter-output>
          </reporter-output>
        </test-method> <!-- tearDown -->
        <test-method status="PASS" signature="setUp()[pri:0, instance:tests.LoginNegativeTest@1e965684]" name="setUp" is-config="true" duration-ms="1129" started-at="2025-05-28T11:08:31 CDT" finished-at="2025-05-28T11:08:32 CDT">
          <reporter-output>
          </reporter-output>
        </test-method> <!-- setUp -->
        <test-method status="PASS" signature="loginWithEmptyUsername()[pri:0, instance:tests.LoginNegativeTest@1e965684]" name="loginWithEmptyUsername" duration-ms="401" started-at="2025-05-28T11:08:32 CDT" finished-at="2025-05-28T11:08:33 CDT">
          <reporter-output>
          </reporter-output>
        </test-method> <!-- loginWithEmptyUsername -->
        <test-method status="PASS" signature="tearDown()[pri:0, instance:tests.LoginNegativeTest@1e965684]" name="tearDown" is-config="true" duration-ms="763" started-at="2025-05-28T11:08:33 CDT" finished-at="2025-05-28T11:08:33 CDT">
          <reporter-output>
          </reporter-output>
        </test-method> <!-- tearDown -->
        <test-method status="PASS" signature="setUp()[pri:0, instance:tests.LoginNegativeTest@1e965684]" name="setUp" is-config="true" duration-ms="1164" started-at="2025-05-28T11:08:33 CDT" finished-at="2025-05-28T11:08:35 CDT">
          <reporter-output>
          </reporter-output>
        </test-method> <!-- setUp -->
        <test-method status="PASS" signature="loginWithInvalidPassword()[pri:0, instance:tests.LoginNegativeTest@1e965684]" name="loginWithInvalidPassword" duration-ms="506" started-at="2025-05-28T11:08:35 CDT" finished-at="2025-05-28T11:08:35 CDT">
          <reporter-output>
          </reporter-output>
        </test-method> <!-- loginWithInvalidPassword -->
        <test-method status="PASS" signature="tearDown()[pri:0, instance:tests.LoginNegativeTest@1e965684]" name="tearDown" is-config="true" duration-ms="757" started-at="2025-05-28T11:08:35 CDT" finished-at="2025-05-28T11:08:36 CDT">
          <reporter-output>
          </reporter-output>
        </test-method> <!-- tearDown -->
        <test-method status="PASS" signature="setUp()[pri:0, instance:tests.LoginNegativeTest@1e965684]" name="setUp" is-config="true" duration-ms="1248" started-at="2025-05-28T11:08:36 CDT" finished-at="2025-05-28T11:08:37 CDT">
          <reporter-output>
          </reporter-output>
        </test-method> <!-- setUp -->
        <test-method status="PASS" signature="loginWithInvalidUsername()[pri:0, instance:tests.LoginNegativeTest@1e965684]" name="loginWithInvalidUsername" duration-ms="497" started-at="2025-05-28T11:08:37 CDT" finished-at="2025-05-28T11:08:38 CDT">
          <reporter-output>
          </reporter-output>
        </test-method> <!-- loginWithInvalidUsername -->
        <test-method status="PASS" signature="tearDown()[pri:0, instance:tests.LoginNegativeTest@1e965684]" name="tearDown" is-config="true" duration-ms="657" started-at="2025-05-28T11:08:38 CDT" finished-at="2025-05-28T11:08:38 CDT">
          <reporter-output>
          </reporter-output>
        </test-method> <!-- tearDown -->
        <test-method status="PASS" signature="setUp()[pri:0, instance:tests.LoginNegativeTest@1e965684]" name="setUp" is-config="true" duration-ms="1073" started-at="2025-05-28T11:08:38 CDT" finished-at="2025-05-28T11:08:39 CDT">
          <reporter-output>
          </reporter-output>
        </test-method> <!-- setUp -->
        <test-method status="PASS" signature="loginWithLockedOutUser()[pri:0, instance:tests.LoginNegativeTest@1e965684]" name="loginWithLockedOutUser" duration-ms="328" started-at="2025-05-28T11:08:39 CDT" finished-at="2025-05-28T11:08:40 CDT">
          <reporter-output>
          </reporter-output>
        </test-method> <!-- loginWithLockedOutUser -->
        <test-method status="PASS" signature="tearDown()[pri:0, instance:tests.LoginNegativeTest@1e965684]" name="tearDown" is-config="true" duration-ms="646" started-at="2025-05-28T11:08:40 CDT" finished-at="2025-05-28T11:08:40 CDT">
          <reporter-output>
          </reporter-output>
        </test-method> <!-- tearDown -->
      </class> <!-- tests.LoginNegativeTest -->
    </test> <!-- Login -->
    <test name="Functional" duration-ms="54071" started-at="2025-05-28T11:08:40 CDT" finished-at="2025-05-28T11:09:34 CDT">
      <class name="tests.CartTest">
        <test-method status="PASS" signature="setUp()[pri:0, instance:tests.CartTest@33c7e1bb]" name="setUp" is-config="true" duration-ms="1117" started-at="2025-05-28T11:09:03 CDT" finished-at="2025-05-28T11:09:04 CDT">
          <reporter-output>
          </reporter-output>
        </test-method> <!-- setUp -->
        <test-method status="PASS" signature="proceedToCheckoutTest()[pri:0, instance:tests.CartTest@33c7e1bb]" name="proceedToCheckoutTest" duration-ms="611" started-at="2025-05-28T11:09:04 CDT" finished-at="2025-05-28T11:09:05 CDT">
          <reporter-output>
          </reporter-output>
        </test-method> <!-- proceedToCheckoutTest -->
        <test-method status="PASS" signature="tearDown()[pri:0, instance:tests.CartTest@33c7e1bb]" name="tearDown" is-config="true" duration-ms="639" started-at="2025-05-28T11:09:05 CDT" finished-at="2025-05-28T11:09:05 CDT">
          <reporter-output>
          </reporter-output>
        </test-method> <!-- tearDown -->
        <test-method status="PASS" signature="setUp()[pri:0, instance:tests.CartTest@33c7e1bb]" name="setUp" is-config="true" duration-ms="1082" started-at="2025-05-28T11:09:05 CDT" finished-at="2025-05-28T11:09:06 CDT">
          <reporter-output>
          </reporter-output>
        </test-method> <!-- setUp -->
        <test-method status="PASS" signature="removeItemFromCartTest()[pri:0, instance:tests.CartTest@33c7e1bb]" name="removeItemFromCartTest" duration-ms="656" started-at="2025-05-28T11:09:06 CDT" finished-at="2025-05-28T11:09:07 CDT">
          <reporter-output>
          </reporter-output>
        </test-method> <!-- removeItemFromCartTest -->
        <test-method status="PASS" signature="tearDown()[pri:0, instance:tests.CartTest@33c7e1bb]" name="tearDown" is-config="true" duration-ms="662" started-at="2025-05-28T11:09:07 CDT" finished-at="2025-05-28T11:09:08 CDT">
          <reporter-output>
          </reporter-output>
        </test-method> <!-- tearDown -->
        <test-method status="PASS" signature="setUp()[pri:0, instance:tests.CartTest@33c7e1bb]" name="setUp" is-config="true" duration-ms="1058" started-at="2025-05-28T11:09:08 CDT" finished-at="2025-05-28T11:09:09 CDT">
          <reporter-output>
          </reporter-output>
        </test-method> <!-- setUp -->
        <test-method status="PASS" signature="verifyCartContentsTest()[pri:0, instance:tests.CartTest@33c7e1bb]" name="verifyCartContentsTest" duration-ms="683" started-at="2025-05-28T11:09:09 CDT" finished-at="2025-05-28T11:09:09 CDT">
          <reporter-output>
          </reporter-output>
        </test-method> <!-- verifyCartContentsTest -->
        <test-method status="PASS" signature="tearDown()[pri:0, instance:tests.CartTest@33c7e1bb]" name="tearDown" is-config="true" duration-ms="774" started-at="2025-05-28T11:09:09 CDT" finished-at="2025-05-28T11:09:10 CDT">
          <reporter-output>
          </reporter-output>
        </test-method> <!-- tearDown -->
      </class> <!-- tests.CartTest -->
      <class name="tests.ProductTest">
        <test-method status="PASS" signature="setUp()[pri:0, instance:tests.ProductTest@30a3107a]" name="setUp" is-config="true" duration-ms="1065" started-at="2025-05-28T11:08:40 CDT" finished-at="2025-05-28T11:08:41 CDT">
          <reporter-output>
          </reporter-output>
        </test-method> <!-- setUp -->
        <test-method status="PASS" signature="addMultipleProductsToCartTest()[pri:0, instance:tests.ProductTest@30a3107a]" name="addMultipleProductsToCartTest" duration-ms="600" started-at="2025-05-28T11:08:41 CDT" finished-at="2025-05-28T11:08:42 CDT">
          <reporter-output>
          </reporter-output>
        </test-method> <!-- addMultipleProductsToCartTest -->
        <test-method status="PASS" signature="tearDown()[pri:0, instance:tests.ProductTest@30a3107a]" name="tearDown" is-config="true" duration-ms="654" started-at="2025-05-28T11:08:42 CDT" finished-at="2025-05-28T11:08:43 CDT">
          <reporter-output>
          </reporter-output>
        </test-method> <!-- tearDown -->
        <test-method status="PASS" signature="setUp()[pri:0, instance:tests.ProductTest@30a3107a]" name="setUp" is-config="true" duration-ms="1075" started-at="2025-05-28T11:08:43 CDT" finished-at="2025-05-28T11:08:44 CDT">
          <reporter-output>
          </reporter-output>
        </test-method> <!-- setUp -->
        <test-method status="PASS" signature="removeProductFromCartTest()[pri:0, instance:tests.ProductTest@30a3107a]" name="removeProductFromCartTest" duration-ms="573" started-at="2025-05-28T11:08:44 CDT" finished-at="2025-05-28T11:08:44 CDT">
          <reporter-output>
          </reporter-output>
        </test-method> <!-- removeProductFromCartTest -->
        <test-method status="PASS" signature="tearDown()[pri:0, instance:tests.ProductTest@30a3107a]" name="tearDown" is-config="true" duration-ms="643" started-at="2025-05-28T11:08:44 CDT" finished-at="2025-05-28T11:08:45 CDT">
          <reporter-output>
          </reporter-output>
        </test-method> <!-- tearDown -->
        <test-method status="PASS" signature="setUp()[pri:0, instance:tests.ProductTest@30a3107a]" name="setUp" is-config="true" duration-ms="1104" started-at="2025-05-28T11:08:45 CDT" finished-at="2025-05-28T11:08:46 CDT">
          <reporter-output>
          </reporter-output>
        </test-method> <!-- setUp -->
        <test-method status="PASS" signature="sortProductsByNameAZ()[pri:0, instance:tests.ProductTest@30a3107a]" name="sortProductsByNameAZ" duration-ms="608" started-at="2025-05-28T11:08:46 CDT" finished-at="2025-05-28T11:08:47 CDT">
          <reporter-output>
          </reporter-output>
        </test-method> <!-- sortProductsByNameAZ -->
        <test-method status="PASS" signature="tearDown()[pri:0, instance:tests.ProductTest@30a3107a]" name="tearDown" is-config="true" duration-ms="718" started-at="2025-05-28T11:08:47 CDT" finished-at="2025-05-28T11:08:47 CDT">
          <reporter-output>
          </reporter-output>
        </test-method> <!-- tearDown -->
        <test-method status="PASS" signature="setUp()[pri:0, instance:tests.ProductTest@30a3107a]" name="setUp" is-config="true" duration-ms="1185" started-at="2025-05-28T11:08:47 CDT" finished-at="2025-05-28T11:08:49 CDT">
          <reporter-output>
          </reporter-output>
        </test-method> <!-- setUp -->
        <test-method status="PASS" signature="sortProductsByNameZA()[pri:0, instance:tests.ProductTest@30a3107a]" name="sortProductsByNameZA" duration-ms="785" started-at="2025-05-28T11:08:49 CDT" finished-at="2025-05-28T11:08:49 CDT">
          <reporter-output>
          </reporter-output>
        </test-method> <!-- sortProductsByNameZA -->
        <test-method status="PASS" signature="tearDown()[pri:0, instance:tests.ProductTest@30a3107a]" name="tearDown" is-config="true" duration-ms="675" started-at="2025-05-28T11:08:49 CDT" finished-at="2025-05-28T11:08:50 CDT">
          <reporter-output>
          </reporter-output>
        </test-method> <!-- tearDown -->
        <test-method status="PASS" signature="setUp()[pri:0, instance:tests.ProductTest@30a3107a]" name="setUp" is-config="true" duration-ms="1622" started-at="2025-05-28T11:08:50 CDT" finished-at="2025-05-28T11:08:52 CDT">
          <reporter-output>
          </reporter-output>
        </test-method> <!-- setUp -->
        <test-method status="PASS" signature="sortProductsByPriceHighToLow()[pri:0, instance:tests.ProductTest@30a3107a]" name="sortProductsByPriceHighToLow" duration-ms="784" started-at="2025-05-28T11:08:52 CDT" finished-at="2025-05-28T11:08:52 CDT">
          <reporter-output>
          </reporter-output>
        </test-method> <!-- sortProductsByPriceHighToLow -->
        <test-method status="PASS" signature="tearDown()[pri:0, instance:tests.ProductTest@30a3107a]" name="tearDown" is-config="true" duration-ms="673" started-at="2025-05-28T11:08:52 CDT" finished-at="2025-05-28T11:08:53 CDT">
          <reporter-output>
          </reporter-output>
        </test-method> <!-- tearDown -->
        <test-method status="PASS" signature="setUp()[pri:0, instance:tests.ProductTest@30a3107a]" name="setUp" is-config="true" duration-ms="1200" started-at="2025-05-28T11:08:53 CDT" finished-at="2025-05-28T11:08:54 CDT">
          <reporter-output>
          </reporter-output>
        </test-method> <!-- setUp -->
        <test-method status="PASS" signature="sortProductsByPriceLowToHigh()[pri:0, instance:tests.ProductTest@30a3107a]" name="sortProductsByPriceLowToHigh" duration-ms="741" started-at="2025-05-28T11:08:54 CDT" finished-at="2025-05-28T11:08:55 CDT">
          <reporter-output>
          </reporter-output>
        </test-method> <!-- sortProductsByPriceLowToHigh -->
        <test-method status="PASS" signature="tearDown()[pri:0, instance:tests.ProductTest@30a3107a]" name="tearDown" is-config="true" duration-ms="689" started-at="2025-05-28T11:08:55 CDT" finished-at="2025-05-28T11:08:56 CDT">
          <reporter-output>
          </reporter-output>
        </test-method> <!-- tearDown -->
        <test-method status="PASS" signature="setUp()[pri:0, instance:tests.ProductTest@30a3107a]" name="setUp" is-config="true" duration-ms="1328" started-at="2025-05-28T11:08:56 CDT" finished-at="2025-05-28T11:08:57 CDT">
          <reporter-output>
          </reporter-output>
        </test-method> <!-- setUp -->
        <test-method status="PASS" signature="verifyCartIconUpdates()[pri:0, instance:tests.ProductTest@30a3107a]" name="verifyCartIconUpdates" duration-ms="652" started-at="2025-05-28T11:08:57 CDT" finished-at="2025-05-28T11:08:58 CDT">
          <reporter-output>
          </reporter-output>
        </test-method> <!-- verifyCartIconUpdates -->
        <test-method status="PASS" signature="tearDown()[pri:0, instance:tests.ProductTest@30a3107a]" name="tearDown" is-config="true" duration-ms="650" started-at="2025-05-28T11:08:58 CDT" finished-at="2025-05-28T11:08:58 CDT">
          <reporter-output>
          </reporter-output>
        </test-method> <!-- tearDown -->
        <test-method status="PASS" signature="setUp()[pri:0, instance:tests.ProductTest@30a3107a]" name="setUp" is-config="true" duration-ms="1097" started-at="2025-05-28T11:08:58 CDT" finished-at="2025-05-28T11:09:00 CDT">
          <reporter-output>
          </reporter-output>
        </test-method> <!-- setUp -->
        <test-method status="PASS" signature="verifyProductDetailsPage()[pri:0, instance:tests.ProductTest@30a3107a]" name="verifyProductDetailsPage" duration-ms="518" started-at="2025-05-28T11:09:00 CDT" finished-at="2025-05-28T11:09:00 CDT">
          <reporter-output>
          </reporter-output>
        </test-method> <!-- verifyProductDetailsPage -->
        <test-method status="PASS" signature="tearDown()[pri:0, instance:tests.ProductTest@30a3107a]" name="tearDown" is-config="true" duration-ms="647" started-at="2025-05-28T11:09:00 CDT" finished-at="2025-05-28T11:09:01 CDT">
          <reporter-output>
          </reporter-output>
        </test-method> <!-- tearDown -->
        <test-method status="PASS" signature="setUp()[pri:0, instance:tests.ProductTest@30a3107a]" name="setUp" is-config="true" duration-ms="1018" started-at="2025-05-28T11:09:01 CDT" finished-at="2025-05-28T11:09:02 CDT">
          <reporter-output>
          </reporter-output>
        </test-method> <!-- setUp -->
        <test-method status="PASS" signature="verifyProductNameAndPrice()[pri:0, instance:tests.ProductTest@30a3107a]" name="verifyProductNameAndPrice" duration-ms="509" started-at="2025-05-28T11:09:02 CDT" finished-at="2025-05-28T11:09:02 CDT">
          <reporter-output>
          </reporter-output>
        </test-method> <!-- verifyProductNameAndPrice -->
        <test-method status="PASS" signature="tearDown()[pri:0, instance:tests.ProductTest@30a3107a]" name="tearDown" is-config="true" duration-ms="661" started-at="2025-05-28T11:09:02 CDT" finished-at="2025-05-28T11:09:03 CDT">
          <reporter-output>
          </reporter-output>
        </test-method> <!-- tearDown -->
      </class> <!-- tests.ProductTest -->
      <class name="tests.CheckoutTest">
        <test-method status="PASS" signature="setUp()[pri:0, instance:tests.CheckoutTest@34c4973]" name="setUp" is-config="true" duration-ms="1275" started-at="2025-05-28T11:09:10 CDT" finished-at="2025-05-28T11:09:11 CDT">
          <reporter-output>
          </reporter-output>
        </test-method> <!-- setUp -->
        <test-method status="PASS" signature="checkoutWithMissingInfoTest()[pri:0, instance:tests.CheckoutTest@34c4973]" name="checkoutWithMissingInfoTest" duration-ms="1116" started-at="2025-05-28T11:09:11 CDT" finished-at="2025-05-28T11:09:13 CDT">
          <reporter-output>
          </reporter-output>
        </test-method> <!-- checkoutWithMissingInfoTest -->
        <test-method status="PASS" signature="tearDown()[pri:0, instance:tests.CheckoutTest@34c4973]" name="tearDown" is-config="true" duration-ms="664" started-at="2025-05-28T11:09:13 CDT" finished-at="2025-05-28T11:09:13 CDT">
          <reporter-output>
          </reporter-output>
        </test-method> <!-- tearDown -->
        <test-method status="PASS" signature="setUp()[pri:0, instance:tests.CheckoutTest@34c4973]" name="setUp" is-config="true" duration-ms="1134" started-at="2025-05-28T11:09:13 CDT" finished-at="2025-05-28T11:09:14 CDT">
          <reporter-output>
          </reporter-output>
        </test-method> <!-- setUp -->
        <test-method status="PASS" signature="checkoutWithValidInfoTest()[pri:0, instance:tests.CheckoutTest@34c4973]" name="checkoutWithValidInfoTest" duration-ms="1382" started-at="2025-05-28T11:09:14 CDT" finished-at="2025-05-28T11:09:16 CDT">
          <reporter-output>
          </reporter-output>
        </test-method> <!-- checkoutWithValidInfoTest -->
        <test-method status="PASS" signature="tearDown()[pri:0, instance:tests.CheckoutTest@34c4973]" name="tearDown" is-config="true" duration-ms="664" started-at="2025-05-28T11:09:16 CDT" finished-at="2025-05-28T11:09:16 CDT">
          <reporter-output>
          </reporter-output>
        </test-method> <!-- tearDown -->
        <test-method status="PASS" signature="setUp()[pri:0, instance:tests.CheckoutTest@34c4973]" name="setUp" is-config="true" duration-ms="1202" started-at="2025-05-28T11:09:16 CDT" finished-at="2025-05-28T11:09:18 CDT">
          <reporter-output>
          </reporter-output>
        </test-method> <!-- setUp -->
        <test-method status="PASS" signature="checkoutWithoutFirstNameTest()[pri:0, instance:tests.CheckoutTest@34c4973]" name="checkoutWithoutFirstNameTest" duration-ms="1191" started-at="2025-05-28T11:09:18 CDT" finished-at="2025-05-28T11:09:19 CDT">
          <reporter-output>
          </reporter-output>
        </test-method> <!-- checkoutWithoutFirstNameTest -->
        <test-method status="PASS" signature="tearDown()[pri:0, instance:tests.CheckoutTest@34c4973]" name="tearDown" is-config="true" duration-ms="764" started-at="2025-05-28T11:09:19 CDT" finished-at="2025-05-28T11:09:20 CDT">
          <reporter-output>
          </reporter-output>
        </test-method> <!-- tearDown -->
        <test-method status="PASS" signature="setUp()[pri:0, instance:tests.CheckoutTest@34c4973]" name="setUp" is-config="true" duration-ms="1104" started-at="2025-05-28T11:09:20 CDT" finished-at="2025-05-28T11:09:21 CDT">
          <reporter-output>
          </reporter-output>
        </test-method> <!-- setUp -->
        <test-method status="PASS" signature="checkoutWithoutLastNameTest()[pri:0, instance:tests.CheckoutTest@34c4973]" name="checkoutWithoutLastNameTest" duration-ms="933" started-at="2025-05-28T11:09:21 CDT" finished-at="2025-05-28T11:09:22 CDT">
          <reporter-output>
          </reporter-output>
        </test-method> <!-- checkoutWithoutLastNameTest -->
        <test-method status="PASS" signature="tearDown()[pri:0, instance:tests.CheckoutTest@34c4973]" name="tearDown" is-config="true" duration-ms="662" started-at="2025-05-28T11:09:22 CDT" finished-at="2025-05-28T11:09:22 CDT">
          <reporter-output>
          </reporter-output>
        </test-method> <!-- tearDown -->
        <test-method status="PASS" signature="setUp()[pri:0, instance:tests.CheckoutTest@34c4973]" name="setUp" is-config="true" duration-ms="1088" started-at="2025-05-28T11:09:22 CDT" finished-at="2025-05-28T11:09:23 CDT">
          <reporter-output>
          </reporter-output>
        </test-method> <!-- setUp -->
        <test-method status="PASS" signature="checkoutWithoutPostalCodeTest()[pri:0, instance:tests.CheckoutTest@34c4973]" name="checkoutWithoutPostalCodeTest" duration-ms="1188" started-at="2025-05-28T11:09:23 CDT" finished-at="2025-05-28T11:09:25 CDT">
          <reporter-output>
          </reporter-output>
        </test-method> <!-- checkoutWithoutPostalCodeTest -->
        <test-method status="PASS" signature="tearDown()[pri:0, instance:tests.CheckoutTest@34c4973]" name="tearDown" is-config="true" duration-ms="669" started-at="2025-05-28T11:09:25 CDT" finished-at="2025-05-28T11:09:25 CDT">
          <reporter-output>
          </reporter-output>
        </test-method> <!-- tearDown -->
        <test-method status="PASS" signature="setUp()[pri:0, instance:tests.CheckoutTest@34c4973]" name="setUp" is-config="true" duration-ms="1038" started-at="2025-05-28T11:09:25 CDT" finished-at="2025-05-28T11:09:26 CDT">
          <reporter-output>
          </reporter-output>
        </test-method> <!-- setUp -->
        <test-method status="PASS" signature="verifyCheckoutPageTitleTest()[pri:0, instance:tests.CheckoutTest@34c4973]" name="verifyCheckoutPageTitleTest" duration-ms="752" started-at="2025-05-28T11:09:26 CDT" finished-at="2025-05-28T11:09:27 CDT">
          <reporter-output>
          </reporter-output>
        </test-method> <!-- verifyCheckoutPageTitleTest -->
        <test-method status="PASS" signature="tearDown()[pri:0, instance:tests.CheckoutTest@34c4973]" name="tearDown" is-config="true" duration-ms="686" started-at="2025-05-28T11:09:27 CDT" finished-at="2025-05-28T11:09:28 CDT">
          <reporter-output>
          </reporter-output>
        </test-method> <!-- tearDown -->
        <test-method status="PASS" signature="setUp()[pri:0, instance:tests.CheckoutTest@34c4973]" name="setUp" is-config="true" duration-ms="1171" started-at="2025-05-28T11:09:28 CDT" finished-at="2025-05-28T11:09:29 CDT">
          <reporter-output>
          </reporter-output>
        </test-method> <!-- setUp -->
        <test-method status="PASS" signature="verifyFinishPageURLTest()[pri:0, instance:tests.CheckoutTest@34c4973]" name="verifyFinishPageURLTest" duration-ms="1509" started-at="2025-05-28T11:09:29 CDT" finished-at="2025-05-28T11:09:30 CDT">
          <reporter-output>
          </reporter-output>
        </test-method> <!-- verifyFinishPageURLTest -->
        <test-method status="PASS" signature="tearDown()[pri:0, instance:tests.CheckoutTest@34c4973]" name="tearDown" is-config="true" duration-ms="718" started-at="2025-05-28T11:09:30 CDT" finished-at="2025-05-28T11:09:31 CDT">
          <reporter-output>
          </reporter-output>
        </test-method> <!-- tearDown -->
        <test-method status="PASS" signature="setUp()[pri:0, instance:tests.CheckoutTest@34c4973]" name="setUp" is-config="true" duration-ms="1209" started-at="2025-05-28T11:09:31 CDT" finished-at="2025-05-28T11:09:32 CDT">
          <reporter-output>
          </reporter-output>
        </test-method> <!-- setUp -->
        <test-method status="PASS" signature="verifyOrderSummaryTest()[pri:0, instance:tests.CheckoutTest@34c4973]" name="verifyOrderSummaryTest" duration-ms="1496" started-at="2025-05-28T11:09:32 CDT" finished-at="2025-05-28T11:09:34 CDT">
          <reporter-output>
          </reporter-output>
        </test-method> <!-- verifyOrderSummaryTest -->
        <test-method status="PASS" signature="tearDown()[pri:0, instance:tests.CheckoutTest@34c4973]" name="tearDown" is-config="true" duration-ms="676" started-at="2025-05-28T11:09:34 CDT" finished-at="2025-05-28T11:09:34 CDT">
          <reporter-output>
          </reporter-output>
        </test-method> <!-- tearDown -->
      </class> <!-- tests.CheckoutTest -->
    </test> <!-- Functional -->
  </suite> <!-- Full E-Commerce Test Suite -->
</testng-results>
