<?xml version="1.0" encoding="UTF-8"?>
<!-- Generated by org.testng.reporters.JUnitXMLReporter -->
<testsuite ignored="0" hostname="Emo-Girl" failures="0" tests="8" name="Login Test" time="29.504" errors="0" timestamp="2025-05-22T16:42:06 CDT">
  <testcase classname="tests.LoginTest" name="loginWithCaseSensitiveUsername" time="0.408"/>
  <testcase classname="tests.LoginTest" name="loginWithEmptyFields" time="0.442"/>
  <testcase classname="tests.LoginTest" name="loginWithEmptyPassword" time="0.483"/>
  <testcase classname="tests.LoginTest" name="loginWithEmptyUsername" time="0.445"/>
  <testcase classname="tests.LoginTest" name="loginWithInvalidPassword" time="0.561"/>
  <testcase classname="tests.LoginTest" name="loginWithInvalidUsername" time="0.473"/>
  <testcase classname="tests.LoginTest" name="loginWithLockedOutUser" time="0.433"/>
  <testcase classname="tests.LoginTest" name="loginWithValidCredentials" time="0.58"/>
</testsuite> <!-- Login Test -->
