<?xml version="1.0" encoding="UTF-8"?>
<!-- Generated by org.testng.reporters.JUnitXMLReporter -->
<testsuite ignored="0" hostname="Emo-Girl" failures="0" tests="8" name="Login Tests" time="22.47" errors="0" timestamp="2025-05-27T18:06:28 CDT">
  <testcase classname="tests.LoginTest" name="loginWithValidCredentials" time="0.459"/>
  <testcase classname="tests.LoginNegativeTest" name="loginWithCaseSensitiveUsername" time="0.59"/>
  <testcase classname="tests.LoginNegativeTest" name="loginWithEmptyFields" time="0.941"/>
  <testcase classname="tests.LoginNegativeTest" name="loginWithEmptyPassword" time="0.547"/>
  <testcase classname="tests.LoginNegativeTest" name="loginWithEmptyUsername" time="0.632"/>
  <testcase classname="tests.LoginNegativeTest" name="loginWithInvalidPassword" time="1.209"/>
  <testcase classname="tests.LoginNegativeTest" name="loginWithInvalidUsername" time="0.68"/>
  <testcase classname="tests.LoginNegativeTest" name="loginWithLockedOutUser" time="0.653"/>
</testsuite> <!-- Login Tests -->
