<?xml version="1.0" encoding="UTF-8"?>
<testng-results ignored="14" total="21" passed="7" failed="0" skipped="0">
  <reporter-output>
  </reporter-output>
  <suite started-at="2025-05-28T11:39:54 CDT" name="Smoke Suite" finished-at="2025-05-28T11:40:15 CDT" duration-ms="20505">
    <groups>
      <group name="regression">
        <method signature="LoginTest.loginWithValidCredentials()[pri:0, instance:tests.LoginTest@dbf57b3]" name="loginWithValidCredentials" class="tests.LoginTest"/>
        <method signature="ProductTest.addMultipleProductsToCartTest()[pri:0, instance:tests.ProductTest@384ad17b]" name="addMultipleProductsToCartTest" class="tests.ProductTest"/>
        <method signature="ProductTest.verifyProductDetailsPage()[pri:0, instance:tests.ProductTest@384ad17b]" name="verifyProductDetailsPage" class="tests.ProductTest"/>
      </group> <!-- regression -->
      <group name="smoke">
        <method signature="CartTest.proceedToCheckoutTest()[pri:0, instance:tests.CartTest@61862a7f]" name="proceedToCheckoutTest" class="tests.CartTest"/>
        <method signature="CheckoutTest.checkoutWithValidInfoTest()[pri:0, instance:tests.CheckoutTest@441772e]" name="checkoutWithValidInfoTest" class="tests.CheckoutTest"/>
        <method signature="CheckoutTest.verifyOrderSummaryTest()[pri:0, instance:tests.CheckoutTest@441772e]" name="verifyOrderSummaryTest" class="tests.CheckoutTest"/>
        <method signature="LoginTest.loginWithValidCredentials()[pri:0, instance:tests.LoginTest@dbf57b3]" name="loginWithValidCredentials" class="tests.LoginTest"/>
        <method signature="ProductTest.addMultipleProductsToCartTest()[pri:0, instance:tests.ProductTest@384ad17b]" name="addMultipleProductsToCartTest" class="tests.ProductTest"/>
        <method signature="ProductTest.verifyProductDetailsPage()[pri:0, instance:tests.ProductTest@384ad17b]" name="verifyProductDetailsPage" class="tests.ProductTest"/>
        <method signature="ProductTest.verifyProductNameAndPrice()[pri:0, instance:tests.ProductTest@384ad17b]" name="verifyProductNameAndPrice" class="tests.ProductTest"/>
      </group> <!-- smoke -->
    </groups>
    <test started-at="2025-05-28T11:39:54 CDT" name="Smoke Tests" finished-at="2025-05-28T11:40:15 CDT" duration-ms="20505">
      <class name="tests.LoginTest">
        <test-method is-config="true" signature="setUp()[pri:0, instance:tests.LoginTest@dbf57b3]" started-at="2025-05-28T11:39:54 CDT" name="setUp" finished-at="2025-05-28T11:39:57 CDT" duration-ms="2248" status="PASS">
          <reporter-output>
          </reporter-output>
        </test-method> <!-- setUp -->
        <test-method signature="loginWithValidCredentials()[pri:0, instance:tests.LoginTest@dbf57b3]" started-at="2025-05-28T11:39:57 CDT" name="loginWithValidCredentials" finished-at="2025-05-28T11:39:57 CDT" duration-ms="442" status="PASS">
          <reporter-output>
          </reporter-output>
        </test-method> <!-- loginWithValidCredentials -->
        <test-method is-config="true" signature="tearDown()[pri:0, instance:tests.LoginTest@dbf57b3]" started-at="2025-05-28T11:39:57 CDT" name="tearDown" finished-at="2025-05-28T11:39:57 CDT" duration-ms="211" status="PASS">
          <reporter-output>
          </reporter-output>
        </test-method> <!-- tearDown -->
      </class> <!-- tests.LoginTest -->
      <class name="tests.CartTest">
        <test-method is-config="true" signature="setUp()[pri:0, instance:tests.CartTest@61862a7f]" started-at="2025-05-28T11:40:04 CDT" name="setUp" finished-at="2025-05-28T11:40:06 CDT" duration-ms="1416" status="PASS">
          <reporter-output>
          </reporter-output>
        </test-method> <!-- setUp -->
        <test-method signature="proceedToCheckoutTest()[pri:0, instance:tests.CartTest@61862a7f]" started-at="2025-05-28T11:40:06 CDT" name="proceedToCheckoutTest" finished-at="2025-05-28T11:40:07 CDT" duration-ms="1211" status="PASS">
          <reporter-output>
          </reporter-output>
        </test-method> <!-- proceedToCheckoutTest -->
        <test-method is-config="true" signature="tearDown()[pri:0, instance:tests.CartTest@61862a7f]" started-at="2025-05-28T11:40:07 CDT" name="tearDown" finished-at="2025-05-28T11:40:07 CDT" duration-ms="324" status="PASS">
          <reporter-output>
          </reporter-output>
        </test-method> <!-- tearDown -->
      </class> <!-- tests.CartTest -->
      <class name="tests.ProductTest">
        <test-method is-config="true" signature="setUp()[pri:0, instance:tests.ProductTest@384ad17b]" started-at="2025-05-28T11:39:57 CDT" name="setUp" finished-at="2025-05-28T11:39:58 CDT" duration-ms="911" status="PASS">
          <reporter-output>
          </reporter-output>
        </test-method> <!-- setUp -->
        <test-method signature="addMultipleProductsToCartTest()[pri:0, instance:tests.ProductTest@384ad17b]" started-at="2025-05-28T11:39:58 CDT" name="addMultipleProductsToCartTest" finished-at="2025-05-28T11:39:59 CDT" duration-ms="1182" status="PASS">
          <reporter-output>
          </reporter-output>
        </test-method> <!-- addMultipleProductsToCartTest -->
        <test-method is-config="true" signature="tearDown()[pri:0, instance:tests.ProductTest@384ad17b]" started-at="2025-05-28T11:39:59 CDT" name="tearDown" finished-at="2025-05-28T11:40:00 CDT" duration-ms="204" status="PASS">
          <reporter-output>
          </reporter-output>
        </test-method> <!-- tearDown -->
        <test-method is-config="true" signature="setUp()[pri:0, instance:tests.ProductTest@384ad17b]" started-at="2025-05-28T11:40:00 CDT" name="setUp" finished-at="2025-05-28T11:40:01 CDT" duration-ms="1331" status="PASS">
          <reporter-output>
          </reporter-output>
        </test-method> <!-- setUp -->
        <test-method signature="verifyProductDetailsPage()[pri:0, instance:tests.ProductTest@384ad17b]" started-at="2025-05-28T11:40:01 CDT" name="verifyProductDetailsPage" finished-at="2025-05-28T11:40:02 CDT" duration-ms="771" status="PASS">
          <reporter-output>
          </reporter-output>
        </test-method> <!-- verifyProductDetailsPage -->
        <test-method is-config="true" signature="tearDown()[pri:0, instance:tests.ProductTest@384ad17b]" started-at="2025-05-28T11:40:02 CDT" name="tearDown" finished-at="2025-05-28T11:40:02 CDT" duration-ms="196" status="PASS">
          <reporter-output>
          </reporter-output>
        </test-method> <!-- tearDown -->
        <test-method is-config="true" signature="setUp()[pri:0, instance:tests.ProductTest@384ad17b]" started-at="2025-05-28T11:40:02 CDT" name="setUp" finished-at="2025-05-28T11:40:03 CDT" duration-ms="945" status="PASS">
          <reporter-output>
          </reporter-output>
        </test-method> <!-- setUp -->
        <test-method signature="verifyProductNameAndPrice()[pri:0, instance:tests.ProductTest@384ad17b]" started-at="2025-05-28T11:40:03 CDT" name="verifyProductNameAndPrice" finished-at="2025-05-28T11:40:04 CDT" duration-ms="1083" status="PASS">
          <reporter-output>
          </reporter-output>
        </test-method> <!-- verifyProductNameAndPrice -->
        <test-method is-config="true" signature="tearDown()[pri:0, instance:tests.ProductTest@384ad17b]" started-at="2025-05-28T11:40:04 CDT" name="tearDown" finished-at="2025-05-28T11:40:04 CDT" duration-ms="245" status="PASS">
          <reporter-output>
          </reporter-output>
        </test-method> <!-- tearDown -->
      </class> <!-- tests.ProductTest -->
      <class name="tests.CheckoutTest">
        <test-method is-config="true" signature="setUp()[pri:0, instance:tests.CheckoutTest@441772e]" started-at="2025-05-28T11:40:07 CDT" name="setUp" finished-at="2025-05-28T11:40:09 CDT" duration-ms="2037" status="PASS">
          <reporter-output>
          </reporter-output>
        </test-method> <!-- setUp -->
        <test-method signature="checkoutWithValidInfoTest()[pri:0, instance:tests.CheckoutTest@441772e]" started-at="2025-05-28T11:40:09 CDT" name="checkoutWithValidInfoTest" finished-at="2025-05-28T11:40:11 CDT" duration-ms="1736" status="PASS">
          <reporter-output>
          </reporter-output>
        </test-method> <!-- checkoutWithValidInfoTest -->
        <test-method is-config="true" signature="tearDown()[pri:0, instance:tests.CheckoutTest@441772e]" started-at="2025-05-28T11:40:11 CDT" name="tearDown" finished-at="2025-05-28T11:40:11 CDT" duration-ms="440" status="PASS">
          <reporter-output>
          </reporter-output>
        </test-method> <!-- tearDown -->
        <test-method is-config="true" signature="setUp()[pri:0, instance:tests.CheckoutTest@441772e]" started-at="2025-05-28T11:40:11 CDT" name="setUp" finished-at="2025-05-28T11:40:13 CDT" duration-ms="1196" status="PASS">
          <reporter-output>
          </reporter-output>
        </test-method> <!-- setUp -->
        <test-method signature="verifyOrderSummaryTest()[pri:0, instance:tests.CheckoutTest@441772e]" started-at="2025-05-28T11:40:13 CDT" name="verifyOrderSummaryTest" finished-at="2025-05-28T11:40:15 CDT" duration-ms="2075" status="PASS">
          <reporter-output>
          </reporter-output>
        </test-method> <!-- verifyOrderSummaryTest -->
        <test-method is-config="true" signature="tearDown()[pri:0, instance:tests.CheckoutTest@441772e]" started-at="2025-05-28T11:40:15 CDT" name="tearDown" finished-at="2025-05-28T11:40:15 CDT" duration-ms="251" status="PASS">
          <reporter-output>
          </reporter-output>
        </test-method> <!-- tearDown -->
      </class> <!-- tests.CheckoutTest -->
    </test> <!-- Smoke Tests -->
  </suite> <!-- Smoke Suite -->
</testng-results>
