<?xml version="1.0" encoding="UTF-8"?>
<!-- Generated by org.testng.reporters.JUnitXMLReporter -->
<testsuite hostname="Emo-Girl" ignored="0" name="Functional" tests="20" failures="0" timestamp="2025-05-28T11:09:34 CDT" time="54.071" errors="0">
  <testcase name="addMultipleProductsToCartTest" time="0.6" classname="tests.ProductTest"/>
  <testcase name="removeProductFromCartTest" time="0.573" classname="tests.ProductTest"/>
  <testcase name="sortProductsByNameAZ" time="0.608" classname="tests.ProductTest"/>
  <testcase name="sortProductsByNameZA" time="0.785" classname="tests.ProductTest"/>
  <testcase name="sortProductsByPriceHighToLow" time="0.784" classname="tests.ProductTest"/>
  <testcase name="sortProductsByPriceLowToHigh" time="0.741" classname="tests.ProductTest"/>
  <testcase name="verifyCartIconUpdates" time="0.652" classname="tests.ProductTest"/>
  <testcase name="verifyProductDetailsPage" time="0.518" classname="tests.ProductTest"/>
  <testcase name="verifyProductNameAndPrice" time="0.509" classname="tests.ProductTest"/>
  <testcase name="proceedToCheckoutTest" time="0.611" classname="tests.CartTest"/>
  <testcase name="removeItemFromCartTest" time="0.656" classname="tests.CartTest"/>
  <testcase name="verifyCartContentsTest" time="0.683" classname="tests.CartTest"/>
  <testcase name="checkoutWithMissingInfoTest" time="1.116" classname="tests.CheckoutTest"/>
  <testcase name="checkoutWithValidInfoTest" time="1.382" classname="tests.CheckoutTest"/>
  <testcase name="checkoutWithoutFirstNameTest" time="1.191" classname="tests.CheckoutTest"/>
  <testcase name="checkoutWithoutLastNameTest" time="0.933" classname="tests.CheckoutTest"/>
  <testcase name="checkoutWithoutPostalCodeTest" time="1.188" classname="tests.CheckoutTest"/>
  <testcase name="verifyCheckoutPageTitleTest" time="0.752" classname="tests.CheckoutTest"/>
  <testcase name="verifyFinishPageURLTest" time="1.509" classname="tests.CheckoutTest"/>
  <testcase name="verifyOrderSummaryTest" time="1.496" classname="tests.CheckoutTest"/>
</testsuite> <!-- Functional -->
