<?xml version="1.0" encoding="UTF-8"?>
<!-- Generated by org.testng.reporters.JUnitXMLReporter -->
<testsuite ignored="0" hostname="Emo-Girl" failures="0" tests="20" name="Functional" time="62.893" errors="0" timestamp="2025-05-27T16:31:23 CDT">
  <testcase classname="tests.ProductTest" name="addMultipleProductsToCartTest" time="0.248"/>
  <testcase classname="tests.ProductTest" name="removeProductFromCartTest" time="0.213"/>
  <testcase classname="tests.ProductTest" name="sortProductsByNameAZ" time="0.167"/>
  <testcase classname="tests.ProductTest" name="sortProductsByNameZA" time="0.222"/>
  <testcase classname="tests.ProductTest" name="sortProductsByPriceHighToLow" time="0.19"/>
  <testcase classname="tests.ProductTest" name="sortProductsByPriceLowToHigh" time="0.22"/>
  <testcase classname="tests.ProductTest" name="verifyCartIconUpdates" time="0.124"/>
  <testcase classname="tests.ProductTest" name="verifyProductDetailsPage" time="0.221"/>
  <testcase classname="tests.ProductTest" name="verifyProductNameAndPrice" time="0.075"/>
  <testcase classname="tests.CartTest" name="proceedToCheckoutTest" time="0.896"/>
  <testcase classname="tests.CartTest" name="removeItemFromCartTest" time="0.925"/>
  <testcase classname="tests.CartTest" name="verifyCartContentsTest" time="0.698"/>
  <testcase classname="tests.CheckoutTest" name="checkoutWithMissingInfoTest" time="0.935"/>
  <testcase classname="tests.CheckoutTest" name="checkoutWithValidInfoTest" time="1.217"/>
  <testcase classname="tests.CheckoutTest" name="checkoutWithoutFirstNameTest" time="0.996"/>
  <testcase classname="tests.CheckoutTest" name="checkoutWithoutLastNameTest" time="0.911"/>
  <testcase classname="tests.CheckoutTest" name="checkoutWithoutPostalCodeTest" time="2.05"/>
  <testcase classname="tests.CheckoutTest" name="verifyCheckoutPageTitleTest" time="0.925"/>
  <testcase classname="tests.CheckoutTest" name="verifyFinishPageURLTest" time="1.209"/>
  <testcase classname="tests.CheckoutTest" name="verifyOrderSummaryTest" time="1.497"/>
</testsuite> <!-- Functional -->
