<?xml version="1.0" encoding="UTF-8"?>
<!-- Generated by org.testng.reporters.JUnitXMLReporter -->
<testsuite hostname="Emo-Girl" ignored="0" name="Login" tests="8" failures="0" timestamp="2025-05-28T11:08:40 CDT" time="18.934" errors="0">
  <testcase name="loginWithValidCredentials" time="0.312" classname="tests.LoginTest"/>
  <testcase name="loginWithCaseSensitiveUsername" time="0.304" classname="tests.LoginNegativeTest"/>
  <testcase name="loginWithEmptyFields" time="0.472" classname="tests.LoginNegativeTest"/>
  <testcase name="loginWithEmptyPassword" time="0.487" classname="tests.LoginNegativeTest"/>
  <testcase name="loginWithEmptyUsername" time="0.401" classname="tests.LoginNegativeTest"/>
  <testcase name="loginWithInvalidPassword" time="0.506" classname="tests.LoginNegativeTest"/>
  <testcase name="loginWithInvalidUsername" time="0.497" classname="tests.LoginNegativeTest"/>
  <testcase name="loginWithLockedOutUser" time="0.328" classname="tests.LoginNegativeTest"/>
</testsuite> <!-- Login -->
