<?xml version="1.0" encoding="UTF-8"?>
<!-- Generated by org.testng.reporters.JUnitXMLReporter -->
<testsuite ignored="0" hostname="Emo-Girl" failures="0" tests="8" name="Login" time="20.085" errors="0" timestamp="2025-05-27T16:30:20 CDT">
  <testcase classname="tests.LoginTest" name="loginWithCaseSensitiveUsername" time="0.566"/>
  <testcase classname="tests.LoginTest" name="loginWithEmptyFields" time="0.334"/>
  <testcase classname="tests.LoginTest" name="loginWithEmptyPassword" time="0.333"/>
  <testcase classname="tests.LoginTest" name="loginWithEmptyUsername" time="0.449"/>
  <testcase classname="tests.LoginTest" name="loginWithInvalidPassword" time="0.597"/>
  <testcase classname="tests.LoginTest" name="loginWithInvalidUsername" time="0.641"/>
  <testcase classname="tests.LoginTest" name="loginWithLockedOutUser" time="0.509"/>
  <testcase classname="tests.LoginTest" name="loginWithValidCredentials" time="0.536"/>
</testsuite> <!-- Login -->
